ARM GAS  C:\Users\abhim\AppData\Local\Temp\ccReRuDP.s 			page 1


   1              		.syntax unified
   2              		.cpu cortex-m3
   3              		.fpu softvfp
   4              		.eabi_attribute 20, 1
   5              		.eabi_attribute 21, 1
   6              		.eabi_attribute 23, 3
   7              		.eabi_attribute 24, 1
   8              		.eabi_attribute 25, 1
   9              		.eabi_attribute 26, 1
  10              		.eabi_attribute 30, 1
  11              		.eabi_attribute 34, 1
  12              		.eabi_attribute 18, 4
  13              		.thumb
  14              		.syntax unified
  15              		.file	"cymetadata.c"
  16              		.text
  17              	.Ltext0:
  18              		.cfi_sections	.debug_frame
  19              		.global	cy_metadata
  20              		.global	cy_meta_flashprotect
  21              		.global	cy_meta_wonvl
  22              		.global	cy_meta_custnvl
  23              		.global	cy_meta_configecc
  24              		.section	.cyconfigecc,"a",%progbits
  25              		.align	2
  26              		.type	cy_meta_configecc, %object
  27              		.size	cy_meta_configecc, 756
  28              	cy_meta_configecc:
  29 0000 03       		.byte	3
  30 0001 4F       		.byte	79
  31 0002 00       		.byte	0
  32 0003 40       		.byte	64
  33 0004 03       		.byte	3
  34 0005 65       		.byte	101
  35 0006 00       		.byte	0
  36 0007 40       		.byte	64
  37 0008 04       		.byte	4
  38 0009 06       		.byte	6
  39 000a 01       		.byte	1
  40 000b 40       		.byte	64
  41 000c 02       		.byte	2
  42 000d 07       		.byte	7
  43 000e 01       		.byte	1
  44 000f 40       		.byte	64
  45 0010 6B       		.byte	107
  46 0011 18       		.byte	24
  47 0012 01       		.byte	1
  48 0013 40       		.byte	64
  49 0014 35       		.byte	53
  50 0015 19       		.byte	25
  51 0016 01       		.byte	1
  52 0017 40       		.byte	64
  53 0018 16       		.byte	22
  54 0019 1A       		.byte	26
  55 001a 01       		.byte	1
  56 001b 40       		.byte	64
  57 001c 3D       		.byte	61
ARM GAS  C:\Users\abhim\AppData\Local\Temp\ccReRuDP.s 			page 2


  58 001d 1B       		.byte	27
  59 001e 01       		.byte	1
  60 001f 40       		.byte	64
  61 0020 05       		.byte	5
  62 0021 43       		.byte	67
  63 0022 01       		.byte	1
  64 0023 40       		.byte	64
  65 0024 07       		.byte	7
  66 0025 4D       		.byte	77
  67 0026 01       		.byte	1
  68 0027 40       		.byte	64
  69 0028 02       		.byte	2
  70 0029 50       		.byte	80
  71 002a 01       		.byte	1
  72 002b 40       		.byte	64
  73 002c 0A       		.byte	10
  74 002d 27       		.byte	39
  75 002e 0D       		.byte	13
  76 002f 20       		.byte	32
  77 0030 16       		.byte	22
  78 0031 27       		.byte	39
  79 0032 89       		.byte	-119
  80 0033 0F       		.byte	15
  81 0034 8A       		.byte	-118
  82 0035 72       		.byte	114
  83 0036 8B       		.byte	-117
  84 0037 38       		.byte	56
  85 0038 B8       		.byte	-72
  86 0039 02       		.byte	2
  87 003a BE       		.byte	-66
  88 003b 01       		.byte	1
  89 003c D8       		.byte	-40
  90 003d 04       		.byte	4
  91 003e DF       		.byte	-33
  92 003f 01       		.byte	1
  93 0040 1A       		.byte	26
  94 0041 80       		.byte	-128
  95 0042 82       		.byte	-126
  96 0043 40       		.byte	64
  97 0044 00       		.byte	0
  98 0045 40       		.byte	64
  99 0046 02       		.byte	2
 100 0047 03       		.byte	3
 101 0048 06       		.byte	6
 102 0049 08       		.byte	8
 103 004a 09       		.byte	9
 104 004b 03       		.byte	3
 105 004c 0B       		.byte	11
 106 004d 44       		.byte	68
 107 004e 0E       		.byte	14
 108 004f 1C       		.byte	28
 109 0050 0F       		.byte	15
 110 0051 55       		.byte	85
 111 0052 14       		.byte	20
 112 0053 21       		.byte	33
 113 0054 16       		.byte	22
 114 0055 16       		.byte	22
ARM GAS  C:\Users\abhim\AppData\Local\Temp\ccReRuDP.s 			page 3


 115 0056 19       		.byte	25
 116 0057 73       		.byte	115
 117 0058 1B       		.byte	27
 118 0059 0C       		.byte	12
 119 005a 24       		.byte	36
 120 005b 21       		.byte	33
 121 005c 25       		.byte	37
 122 005d 73       		.byte	115
 123 005e 26       		.byte	38
 124 005f 0E       		.byte	14
 125 0060 27       		.byte	39
 126 0061 04       		.byte	4
 127 0062 28       		.byte	40
 128 0063 1C       		.byte	28
 129 0064 29       		.byte	41
 130 0065 2A       		.byte	42
 131 0066 2A       		.byte	42
 132 0067 23       		.byte	35
 133 0068 2B       		.byte	43
 134 0069 44       		.byte	68
 135 006a 2F       		.byte	47
 136 006b 08       		.byte	8
 137 006c 30       		.byte	48
 138 006d 60       		.byte	96
 139 006e 31       		.byte	49
 140 006f 40       		.byte	64
 141 0070 32       		.byte	50
 142 0071 0F       		.byte	15
 143 0072 33       		.byte	51
 144 0073 30       		.byte	48
 145 0074 34       		.byte	52
 146 0075 1A       		.byte	26
 147 0076 35       		.byte	53
 148 0077 0F       		.byte	15
 149 0078 38       		.byte	56
 150 0079 02       		.byte	2
 151 007a 39       		.byte	57
 152 007b 08       		.byte	8
 153 007c 3A       		.byte	58
 154 007d 28       		.byte	40
 155 007e 3B       		.byte	59
 156 007f A0       		.byte	-96
 157 0080 3F       		.byte	63
 158 0081 05       		.byte	5
 159 0082 40       		.byte	64
 160 0083 02       		.byte	2
 161 0084 46       		.byte	70
 162 0085 40       		.byte	64
 163 0086 49       		.byte	73
 164 0087 FF       		.byte	-1
 165 0088 4A       		.byte	74
 166 0089 07       		.byte	7
 167 008a 4B       		.byte	75
 168 008b FF       		.byte	-1
 169 008c 4C       		.byte	76
 170 008d 40       		.byte	64
 171 008e 4D       		.byte	77
ARM GAS  C:\Users\abhim\AppData\Local\Temp\ccReRuDP.s 			page 4


 172 008f 20       		.byte	32
 173 0090 4E       		.byte	78
 174 0091 F0       		.byte	-16
 175 0092 4F       		.byte	79
 176 0093 05       		.byte	5
 177 0094 50       		.byte	80
 178 0095 08       		.byte	8
 179 0096 58       		.byte	88
 180 0097 04       		.byte	4
 181 0098 59       		.byte	89
 182 0099 04       		.byte	4
 183 009a 5A       		.byte	90
 184 009b 04       		.byte	4
 185 009c 5C       		.byte	92
 186 009d 11       		.byte	17
 187 009e 5D       		.byte	93
 188 009f 01       		.byte	1
 189 00a0 5F       		.byte	95
 190 00a1 01       		.byte	1
 191 00a2 60       		.byte	96
 192 00a3 40       		.byte	64
 193 00a4 61       		.byte	97
 194 00a5 A8       		.byte	-88
 195 00a6 62       		.byte	98
 196 00a7 40       		.byte	64
 197 00a8 63       		.byte	99
 198 00a9 20       		.byte	32
 199 00aa 81       		.byte	-127
 200 00ab 04       		.byte	4
 201 00ac 82       		.byte	-126
 202 00ad 03       		.byte	3
 203 00ae 83       		.byte	-125
 204 00af 40       		.byte	64
 205 00b0 84       		.byte	-124
 206 00b1 10       		.byte	16
 207 00b2 85       		.byte	-123
 208 00b3 1C       		.byte	28
 209 00b4 86       		.byte	-122
 210 00b5 0C       		.byte	12
 211 00b6 87       		.byte	-121
 212 00b7 21       		.byte	33
 213 00b8 89       		.byte	-119
 214 00b9 1C       		.byte	28
 215 00ba 8B       		.byte	-117
 216 00bb 22       		.byte	34
 217 00bc 8C       		.byte	-116
 218 00bd 09       		.byte	9
 219 00be 8E       		.byte	-114
 220 00bf 10       		.byte	16
 221 00c0 8F       		.byte	-113
 222 00c1 04       		.byte	4
 223 00c2 94       		.byte	-108
 224 00c3 0C       		.byte	12
 225 00c4 95       		.byte	-107
 226 00c5 18       		.byte	24
 227 00c6 96       		.byte	-106
 228 00c7 11       		.byte	17
ARM GAS  C:\Users\abhim\AppData\Local\Temp\ccReRuDP.s 			page 5


 229 00c8 98       		.byte	-104
 230 00c9 1C       		.byte	28
 231 00ca 99       		.byte	-103
 232 00cb 08       		.byte	8
 233 00cc 9A       		.byte	-102
 234 00cd 02       		.byte	2
 235 00ce 9D       		.byte	-99
 236 00cf 3F       		.byte	63
 237 00d0 A0       		.byte	-96
 238 00d1 20       		.byte	32
 239 00d2 A1       		.byte	-95
 240 00d3 10       		.byte	16
 241 00d4 A4       		.byte	-92
 242 00d5 10       		.byte	16
 243 00d6 A5       		.byte	-91
 244 00d7 27       		.byte	39
 245 00d8 A7       		.byte	-89
 246 00d9 18       		.byte	24
 247 00da A8       		.byte	-88
 248 00db 14       		.byte	20
 249 00dc AB       		.byte	-85
 250 00dd 23       		.byte	35
 251 00de B3       		.byte	-77
 252 00df 1F       		.byte	31
 253 00e0 B4       		.byte	-76
 254 00e1 20       		.byte	32
 255 00e2 B5       		.byte	-75
 256 00e3 38       		.byte	56
 257 00e4 B6       		.byte	-74
 258 00e5 1F       		.byte	31
 259 00e6 B7       		.byte	-73
 260 00e7 40       		.byte	64
 261 00e8 BB       		.byte	-69
 262 00e9 28       		.byte	40
 263 00ea BE       		.byte	-66
 264 00eb 10       		.byte	16
 265 00ec C0       		.byte	-64
 266 00ed 25       		.byte	37
 267 00ee C1       		.byte	-63
 268 00ef 06       		.byte	6
 269 00f0 C5       		.byte	-59
 270 00f1 0C       		.byte	12
 271 00f2 C6       		.byte	-58
 272 00f3 0E       		.byte	14
 273 00f4 C7       		.byte	-57
 274 00f5 0B       		.byte	11
 275 00f6 C8       		.byte	-56
 276 00f7 15       		.byte	21
 277 00f8 C9       		.byte	-55
 278 00f9 FF       		.byte	-1
 279 00fa CA       		.byte	-54
 280 00fb FF       		.byte	-1
 281 00fc CB       		.byte	-53
 282 00fd FF       		.byte	-1
 283 00fe CE       		.byte	-50
 284 00ff F0       		.byte	-16
 285 0100 CF       		.byte	-49
ARM GAS  C:\Users\abhim\AppData\Local\Temp\ccReRuDP.s 			page 6


 286 0101 44       		.byte	68
 287 0102 D0       		.byte	-48
 288 0103 0C       		.byte	12
 289 0104 D4       		.byte	-44
 290 0105 01       		.byte	1
 291 0106 D8       		.byte	-40
 292 0107 04       		.byte	4
 293 0108 D9       		.byte	-39
 294 0109 04       		.byte	4
 295 010a DA       		.byte	-38
 296 010b 04       		.byte	4
 297 010c DB       		.byte	-37
 298 010d 04       		.byte	4
 299 010e DC       		.byte	-36
 300 010f 11       		.byte	17
 301 0110 DD       		.byte	-35
 302 0111 11       		.byte	17
 303 0112 DF       		.byte	-33
 304 0113 01       		.byte	1
 305 0114 E6       		.byte	-26
 306 0115 C0       		.byte	-64
 307 0116 EA       		.byte	-22
 308 0117 40       		.byte	64
 309 0118 EB       		.byte	-21
 310 0119 02       		.byte	2
 311 011a 00       		.byte	0
 312 011b 85       		.byte	-123
 313 011c 01       		.byte	1
 314 011d 81       		.byte	-127
 315 011e 05       		.byte	5
 316 011f 80       		.byte	-128
 317 0120 06       		.byte	6
 318 0121 50       		.byte	80
 319 0122 0B       		.byte	11
 320 0123 28       		.byte	40
 321 0124 0E       		.byte	14
 322 0125 20       		.byte	32
 323 0126 10       		.byte	16
 324 0127 80       		.byte	-128
 325 0128 12       		.byte	18
 326 0129 14       		.byte	20
 327 012a 13       		.byte	19
 328 012b 02       		.byte	2
 329 012c 15       		.byte	21
 330 012d 14       		.byte	20
 331 012e 18       		.byte	24
 332 012f 01       		.byte	1
 333 0130 1A       		.byte	26
 334 0131 04       		.byte	4
 335 0132 1C       		.byte	28
 336 0133 80       		.byte	-128
 337 0134 1F       		.byte	31
 338 0135 1E       		.byte	30
 339 0136 21       		.byte	33
 340 0137 50       		.byte	80
 341 0138 22       		.byte	34
 342 0139 04       		.byte	4
ARM GAS  C:\Users\abhim\AppData\Local\Temp\ccReRuDP.s 			page 7


 343 013a 23       		.byte	35
 344 013b 14       		.byte	20
 345 013c 24       		.byte	36
 346 013d 04       		.byte	4
 347 013e 26       		.byte	38
 348 013f 90       		.byte	-112
 349 0140 27       		.byte	39
 350 0141 61       		.byte	97
 351 0142 28       		.byte	40
 352 0143 08       		.byte	8
 353 0144 29       		.byte	41
 354 0145 04       		.byte	4
 355 0146 2A       		.byte	42
 356 0147 02       		.byte	2
 357 0148 2D       		.byte	45
 358 0149 14       		.byte	20
 359 014a 2F       		.byte	47
 360 014b 1A       		.byte	26
 361 014c 30       		.byte	48
 362 014d 28       		.byte	40
 363 014e 32       		.byte	50
 364 014f 80       		.byte	-128
 365 0150 36       		.byte	54
 366 0151 10       		.byte	16
 367 0152 38       		.byte	56
 368 0153 02       		.byte	2
 369 0154 39       		.byte	57
 370 0155 80       		.byte	-128
 371 0156 3B       		.byte	59
 372 0157 14       		.byte	20
 373 0158 3C       		.byte	60
 374 0159 20       		.byte	32
 375 015a 3E       		.byte	62
 376 015b 10       		.byte	16
 377 015c 3F       		.byte	63
 378 015d C0       		.byte	-64
 379 015e 40       		.byte	64
 380 015f 04       		.byte	4
 381 0160 47       		.byte	71
 382 0161 20       		.byte	32
 383 0162 48       		.byte	72
 384 0163 10       		.byte	16
 385 0164 4B       		.byte	75
 386 0165 60       		.byte	96
 387 0166 50       		.byte	80
 388 0167 80       		.byte	-128
 389 0168 52       		.byte	82
 390 0169 04       		.byte	4
 391 016a 56       		.byte	86
 392 016b 50       		.byte	80
 393 016c 57       		.byte	87
 394 016d 40       		.byte	64
 395 016e 5A       		.byte	90
 396 016f 14       		.byte	20
 397 0170 5B       		.byte	91
 398 0171 42       		.byte	66
 399 0172 C0       		.byte	-64
ARM GAS  C:\Users\abhim\AppData\Local\Temp\ccReRuDP.s 			page 8


 400 0173 BD       		.byte	-67
 401 0174 C2       		.byte	-62
 402 0175 26       		.byte	38
 403 0176 C4       		.byte	-60
 404 0177 6E       		.byte	110
 405 0178 CA       		.byte	-54
 406 0179 77       		.byte	119
 407 017a CC       		.byte	-52
 408 017b 2E       		.byte	46
 409 017c CE       		.byte	-50
 410 017d 3F       		.byte	63
 411 017e D0       		.byte	-48
 412 017f 24       		.byte	36
 413 0180 D2       		.byte	-46
 414 0181 0C       		.byte	12
 415 0182 D6       		.byte	-42
 416 0183 0F       		.byte	15
 417 0184 82       		.byte	-126
 418 0185 04       		.byte	4
 419 0186 86       		.byte	-122
 420 0187 02       		.byte	2
 421 0188 8A       		.byte	-118
 422 0189 04       		.byte	4
 423 018a 8C       		.byte	-116
 424 018b 09       		.byte	9
 425 018c 92       		.byte	-110
 426 018d 02       		.byte	2
 427 018e 94       		.byte	-108
 428 018f 08       		.byte	8
 429 0190 96       		.byte	-106
 430 0191 01       		.byte	1
 431 0192 98       		.byte	-104
 432 0193 09       		.byte	9
 433 0194 A8       		.byte	-88
 434 0195 08       		.byte	8
 435 0196 AA       		.byte	-86
 436 0197 01       		.byte	1
 437 0198 B0       		.byte	-80
 438 0199 01       		.byte	1
 439 019a B2       		.byte	-78
 440 019b 02       		.byte	2
 441 019c B4       		.byte	-76
 442 019d 08       		.byte	8
 443 019e B6       		.byte	-74
 444 019f 04       		.byte	4
 445 01a0 B8       		.byte	-72
 446 01a1 02       		.byte	2
 447 01a2 BE       		.byte	-66
 448 01a3 54       		.byte	84
 449 01a4 D4       		.byte	-44
 450 01a5 18       		.byte	24
 451 01a6 D8       		.byte	-40
 452 01a7 04       		.byte	4
 453 01a8 DB       		.byte	-37
 454 01a9 04       		.byte	4
 455 01aa DC       		.byte	-36
 456 01ab 01       		.byte	1
ARM GAS  C:\Users\abhim\AppData\Local\Temp\ccReRuDP.s 			page 9


 457 01ac DD       		.byte	-35
 458 01ad 10       		.byte	16
 459 01ae DF       		.byte	-33
 460 01af 01       		.byte	1
 461 01b0 00       		.byte	0
 462 01b1 04       		.byte	4
 463 01b2 01       		.byte	1
 464 01b3 41       		.byte	65
 465 01b4 02       		.byte	2
 466 01b5 04       		.byte	4
 467 01b6 05       		.byte	5
 468 01b7 21       		.byte	33
 469 01b8 06       		.byte	6
 470 01b9 10       		.byte	16
 471 01ba 07       		.byte	7
 472 01bb 01       		.byte	1
 473 01bc 08       		.byte	8
 474 01bd 80       		.byte	-128
 475 01be 09       		.byte	9
 476 01bf 0A       		.byte	10
 477 01c0 0A       		.byte	10
 478 01c1 08       		.byte	8
 479 01c2 0E       		.byte	14
 480 01c3 40       		.byte	64
 481 01c4 0F       		.byte	15
 482 01c5 18       		.byte	24
 483 01c6 10       		.byte	16
 484 01c7 A8       		.byte	-88
 485 01c8 12       		.byte	18
 486 01c9 02       		.byte	2
 487 01ca 15       		.byte	21
 488 01cb 20       		.byte	32
 489 01cc 16       		.byte	22
 490 01cd 04       		.byte	4
 491 01ce 19       		.byte	25
 492 01cf 26       		.byte	38
 493 01d0 1A       		.byte	26
 494 01d1 12       		.byte	18
 495 01d2 1B       		.byte	27
 496 01d3 04       		.byte	4
 497 01d4 1D       		.byte	29
 498 01d5 50       		.byte	80
 499 01d6 1E       		.byte	30
 500 01d7 40       		.byte	64
 501 01d8 1F       		.byte	31
 502 01d9 04       		.byte	4
 503 01da 20       		.byte	32
 504 01db 05       		.byte	5
 505 01dc 21       		.byte	33
 506 01dd 0A       		.byte	10
 507 01de 31       		.byte	49
 508 01df 0A       		.byte	10
 509 01e0 38       		.byte	56
 510 01e1 02       		.byte	2
 511 01e2 39       		.byte	57
 512 01e3 94       		.byte	-108
 513 01e4 40       		.byte	64
ARM GAS  C:\Users\abhim\AppData\Local\Temp\ccReRuDP.s 			page 10


 514 01e5 8D       		.byte	-115
 515 01e6 42       		.byte	66
 516 01e7 10       		.byte	16
 517 01e8 43       		.byte	67
 518 01e9 01       		.byte	1
 519 01ea 49       		.byte	73
 520 01eb 21       		.byte	33
 521 01ec 52       		.byte	82
 522 01ed 10       		.byte	16
 523 01ee 59       		.byte	89
 524 01ef 10       		.byte	16
 525 01f0 5D       		.byte	93
 526 01f1 02       		.byte	2
 527 01f2 65       		.byte	101
 528 01f3 40       		.byte	64
 529 01f4 67       		.byte	103
 530 01f5 08       		.byte	8
 531 01f6 69       		.byte	105
 532 01f7 94       		.byte	-108
 533 01f8 70       		.byte	112
 534 01f9 A8       		.byte	-88
 535 01fa 72       		.byte	114
 536 01fb 02       		.byte	2
 537 01fc 82       		.byte	-126
 538 01fd 12       		.byte	18
 539 01fe 86       		.byte	-122
 540 01ff 01       		.byte	1
 541 0200 8C       		.byte	-116
 542 0201 01       		.byte	1
 543 0202 8D       		.byte	-115
 544 0203 40       		.byte	64
 545 0204 91       		.byte	-111
 546 0205 21       		.byte	33
 547 0206 92       		.byte	-110
 548 0207 08       		.byte	8
 549 0208 93       		.byte	-109
 550 0209 10       		.byte	16
 551 020a 94       		.byte	-108
 552 020b 02       		.byte	2
 553 020c 9B       		.byte	-101
 554 020d 01       		.byte	1
 555 020e 9C       		.byte	-100
 556 020f 08       		.byte	8
 557 0210 9D       		.byte	-99
 558 0211 04       		.byte	4
 559 0212 9E       		.byte	-98
 560 0213 02       		.byte	2
 561 0214 A4       		.byte	-92
 562 0215 28       		.byte	40
 563 0216 C0       		.byte	-64
 564 0217 FF       		.byte	-1
 565 0218 C2       		.byte	-62
 566 0219 7F       		.byte	127
 567 021a C4       		.byte	-60
 568 021b 4F       		.byte	79
 569 021c CC       		.byte	-52
 570 021d 03       		.byte	3
ARM GAS  C:\Users\abhim\AppData\Local\Temp\ccReRuDP.s 			page 11


 571 021e CE       		.byte	-50
 572 021f 0F       		.byte	15
 573 0220 D0       		.byte	-48
 574 0221 0F       		.byte	15
 575 0222 D2       		.byte	-46
 576 0223 04       		.byte	4
 577 0224 D6       		.byte	-42
 578 0225 84       		.byte	-124
 579 0226 D8       		.byte	-40
 580 0227 30       		.byte	48
 581 0228 E4       		.byte	-28
 582 0229 02       		.byte	2
 583 022a 6B       		.byte	107
 584 022b 40       		.byte	64
 585 022c 6F       		.byte	111
 586 022d 40       		.byte	64
 587 022e 83       		.byte	-125
 588 022f 40       		.byte	64
 589 0230 DC       		.byte	-36
 590 0231 60       		.byte	96
 591 0232 E6       		.byte	-26
 592 0233 80       		.byte	-128
 593 0234 12       		.byte	18
 594 0235 80       		.byte	-128
 595 0236 74       		.byte	116
 596 0237 04       		.byte	4
 597 0238 84       		.byte	-124
 598 0239 04       		.byte	4
 599 023a 8E       		.byte	-114
 600 023b 80       		.byte	-128
 601 023c C4       		.byte	-60
 602 023d 08       		.byte	8
 603 023e DE       		.byte	-34
 604 023f 04       		.byte	4
 605 0240 E2       		.byte	-30
 606 0241 02       		.byte	2
 607 0242 10       		.byte	16
 608 0243 02       		.byte	2
 609 0244 1C       		.byte	28
 610 0245 02       		.byte	2
 611 0246 00       		.byte	0
 612 0247 00       		.byte	0
 613 0248 80       		.byte	-128
 614 0249 80       		.byte	-128
 615 024a 00       		.byte	0
 616 024b 00       		.byte	0
 617 024c 40       		.byte	64
 618 024d 00       		.byte	0
 619 024e 00       		.byte	0
 620 024f 00       		.byte	0
 621 0250 10       		.byte	16
 622 0251 42       		.byte	66
 623 0252 00       		.byte	0
 624 0253 91       		.byte	-111
 625 0254 00       		.byte	0
 626 0255 E7       		.byte	-25
 627 0256 E3       		.byte	-29
ARM GAS  C:\Users\abhim\AppData\Local\Temp\ccReRuDP.s 			page 12


 628 0257 00       		.byte	0
 629 0258 0F       		.byte	15
 630 0259 E7       		.byte	-25
 631 025a E0       		.byte	-32
 632 025b 00       		.byte	0
 633 025c 41       		.byte	65
 634 025d 20       		.byte	32
 635 025e 00       		.byte	0
 636 025f 00       		.byte	0
 637 0260 C3       		.byte	-61
 638 0261 01       		.byte	1
 639 0262 00       		.byte	0
 640 0263 0E       		.byte	14
 641 0264 82       		.byte	-126
 642 0265 84       		.byte	-124
 643 0266 00       		.byte	0
 644 0267 51       		.byte	81
 645 0268 2C       		.byte	44
 646 0269 00       		.byte	0
 647 026a C3       		.byte	-61
 648 026b 00       		.byte	0
 649 026c EF       		.byte	-17
 650 026d 00       		.byte	0
 651 026e 00       		.byte	0
 652 026f 00       		.byte	0
 653 0270 08       		.byte	8
 654 0271 00       		.byte	0
 655 0272 00       		.byte	0
 656 0273 00       		.byte	0
 657 0274 04       		.byte	4
 658 0275 00       		.byte	0
 659 0276 00       		.byte	0
 660 0277 00       		.byte	0
 661 0278 0C       		.byte	12
 662 0279 00       		.byte	0
 663 027a 00       		.byte	0
 664 027b 00       		.byte	0
 665 027c E3       		.byte	-29
 666 027d 00       		.byte	0
 667 027e 0C       		.byte	12
 668 027f 00       		.byte	0
 669 0280 C0       		.byte	-64
 670 0281 07       		.byte	7
 671 0282 0F       		.byte	15
 672 0283 C0       		.byte	-64
 673 0284 2C       		.byte	44
 674 0285 20       		.byte	32
 675 0286 10       		.byte	16
 676 0287 18       		.byte	24
 677 0288 00       		.byte	0
 678 0289 00       		.byte	0
 679 028a 08       		.byte	8
 680 028b 00       		.byte	0
 681 028c 00       		.byte	0
 682 028d 00       		.byte	0
 683 028e 40       		.byte	64
 684 028f 40       		.byte	64
ARM GAS  C:\Users\abhim\AppData\Local\Temp\ccReRuDP.s 			page 13


 685 0290 32       		.byte	50
 686 0291 04       		.byte	4
 687 0292 06       		.byte	6
 688 0293 00       		.byte	0
 689 0294 01       		.byte	1
 690 0295 C0       		.byte	-64
 691 0296 E0       		.byte	-32
 692 0297 00       		.byte	0
 693 0298 0A       		.byte	10
 694 0299 FF       		.byte	-1
 695 029a FF       		.byte	-1
 696 029b FF       		.byte	-1
 697 029c 62       		.byte	98
 698 029d A0       		.byte	-96
 699 029e F0       		.byte	-16
 700 029f 41       		.byte	65
 701 02a0 0C       		.byte	12
 702 02a1 00       		.byte	0
 703 02a2 00       		.byte	0
 704 02a3 00       		.byte	0
 705 02a4 00       		.byte	0
 706 02a5 00       		.byte	0
 707 02a6 02       		.byte	2
 708 02a7 11       		.byte	17
 709 02a8 04       		.byte	4
 710 02a9 04       		.byte	4
 711 02aa 04       		.byte	4
 712 02ab 04       		.byte	4
 713 02ac 11       		.byte	17
 714 02ad 11       		.byte	17
 715 02ae 00       		.byte	0
 716 02af 01       		.byte	1
 717 02b0 00       		.byte	0
 718 02b1 00       		.byte	0
 719 02b2 00       		.byte	0
 720 02b3 00       		.byte	0
 721 02b4 00       		.byte	0
 722 02b5 00       		.byte	0
 723 02b6 40       		.byte	64
 724 02b7 02       		.byte	2
 725 02b8 00       		.byte	0
 726 02b9 10       		.byte	16
 727 02ba 30       		.byte	48
 728 02bb 10       		.byte	16
 729 02bc 00       		.byte	0
 730 02bd 10       		.byte	16
 731 02be 10       		.byte	16
 732 02bf 12       		.byte	18
 733 02c0 00       		.byte	0
 734 02c1 00       		.byte	0
 735 02c2 00       		.byte	0
 736 02c3 00       		.byte	0
 737 02c4 00       		.byte	0
 738 02c5 00       		.byte	0
 739 02c6 00       		.byte	0
 740 02c7 00       		.byte	0
 741 02c8 00       		.byte	0
ARM GAS  C:\Users\abhim\AppData\Local\Temp\ccReRuDP.s 			page 14


 742 02c9 00       		.byte	0
 743 02ca 00       		.byte	0
 744 02cb 00       		.byte	0
 745 02cc 00       		.byte	0
 746 02cd 00       		.byte	0
 747 02ce 00       		.byte	0
 748 02cf 00       		.byte	0
 749 02d0 00       		.byte	0
 750 02d1 C0       		.byte	-64
 751 02d2 C0       		.byte	-64
 752 02d3 00       		.byte	0
 753 02d4 00       		.byte	0
 754 02d5 00       		.byte	0
 755 02d6 00       		.byte	0
 756 02d7 00       		.byte	0
 757 02d8 80       		.byte	-128
 758 02d9 00       		.byte	0
 759 02da 40       		.byte	64
 760 02db 80       		.byte	-128
 761 02dc 80       		.byte	-128
 762 02dd 00       		.byte	0
 763 02de 80       		.byte	-128
 764 02df 00       		.byte	0
 765 02e0 00       		.byte	0
 766 02e1 00       		.byte	0
 767 02e2 00       		.byte	0
 768 02e3 00       		.byte	0
 769 02e4 00       		.byte	0
 770 02e5 0B       		.byte	11
 771 02e6 0B       		.byte	11
 772 02e7 00       		.byte	0
 773 02e8 00       		.byte	0
 774 02e9 00       		.byte	0
 775 02ea 00       		.byte	0
 776 02eb 00       		.byte	0
 777 02ec 00       		.byte	0
 778 02ed 01       		.byte	1
 779 02ee 01       		.byte	1
 780 02ef 00       		.byte	0
 781 02f0 00       		.byte	0
 782 02f1 00       		.byte	0
 783 02f2 00       		.byte	0
 784 02f3 00       		.byte	0
 785              		.section	.cywolatch,"a",%progbits
 786              		.align	2
 787              		.type	cy_meta_wonvl, %object
 788              		.size	cy_meta_wonvl, 4
 789              	cy_meta_wonvl:
 790 0000 BC       		.byte	-68
 791 0001 90       		.byte	-112
 792 0002 AC       		.byte	-84
 793 0003 AF       		.byte	-81
 794              		.section	.cycustnvl,"a",%progbits
 795              		.align	2
 796              		.type	cy_meta_custnvl, %object
 797              		.size	cy_meta_custnvl, 4
 798              	cy_meta_custnvl:
ARM GAS  C:\Users\abhim\AppData\Local\Temp\ccReRuDP.s 			page 15


 799 0000 00       		.byte	0
 800 0001 00       		.byte	0
 801 0002 40       		.byte	64
 802 0003 05       		.byte	5
 803              		.section	.cymeta,"a",%progbits
 804              		.align	2
 805              		.type	cy_metadata, %object
 806              		.size	cy_metadata, 12
 807              	cy_metadata:
 808 0000 00       		.byte	0
 809 0001 01       		.byte	1
 810 0002 2E       		.byte	46
 811 0003 16       		.byte	22
 812 0004 10       		.byte	16
 813 0005 69       		.byte	105
 814 0006 00       		.byte	0
 815 0007 01       		.byte	1
 816 0008 00       		.byte	0
 817 0009 00       		.byte	0
 818 000a 00       		.byte	0
 819 000b 00       		.byte	0
 820              		.section	.cyflashprotect,"a",%progbits
 821              		.align	2
 822              		.type	cy_meta_flashprotect, %object
 823              		.size	cy_meta_flashprotect, 256
 824              	cy_meta_flashprotect:
 825 0000 00000000 		.space	256
 825      00000000 
 825      00000000 
 825      00000000 
 825      00000000 
 826              		.text
 827              	.Letext0:
 828              		.file 1 "c:\\program files (x86)\\cypress\\psoc creator\\4.4\\psoc creator\\import\\gnu\\arm\\5.4.
 829              		.file 2 "c:\\program files (x86)\\cypress\\psoc creator\\4.4\\psoc creator\\import\\gnu\\arm\\5.4.
 830              		.file 3 "Generated_Source\\PSoC5\\cymetadata.c"
 831              		.section	.debug_info,"",%progbits
 832              	.Ldebug_info0:
 833 0000 31010000 		.4byte	0x131
 834 0004 0400     		.2byte	0x4
 835 0006 00000000 		.4byte	.Ldebug_abbrev0
 836 000a 04       		.byte	0x4
 837 000b 01       		.uleb128 0x1
 838 000c 24000000 		.4byte	.LASF17
 839 0010 0C       		.byte	0xc
 840 0011 C5010000 		.4byte	.LASF18
 841 0015 F9000000 		.4byte	.LASF19
 842 0019 00000000 		.4byte	.Ldebug_line0
 843 001d 02       		.uleb128 0x2
 844 001e 01       		.byte	0x1
 845 001f 06       		.byte	0x6
 846 0020 B9010000 		.4byte	.LASF0
 847 0024 03       		.uleb128 0x3
 848 0025 00000000 		.4byte	.LASF9
 849 0029 01       		.byte	0x1
 850 002a 1D       		.byte	0x1d
 851 002b 2F000000 		.4byte	0x2f
ARM GAS  C:\Users\abhim\AppData\Local\Temp\ccReRuDP.s 			page 16


 852 002f 02       		.uleb128 0x2
 853 0030 01       		.byte	0x1
 854 0031 08       		.byte	0x8
 855 0032 16000000 		.4byte	.LASF1
 856 0036 02       		.uleb128 0x2
 857 0037 02       		.byte	0x2
 858 0038 05       		.byte	0x5
 859 0039 A6010000 		.4byte	.LASF2
 860 003d 02       		.uleb128 0x2
 861 003e 02       		.byte	0x2
 862 003f 07       		.byte	0x7
 863 0040 C4000000 		.4byte	.LASF3
 864 0044 02       		.uleb128 0x2
 865 0045 04       		.byte	0x4
 866 0046 05       		.byte	0x5
 867 0047 B0010000 		.4byte	.LASF4
 868 004b 02       		.uleb128 0x2
 869 004c 04       		.byte	0x4
 870 004d 07       		.byte	0x7
 871 004e B2000000 		.4byte	.LASF5
 872 0052 02       		.uleb128 0x2
 873 0053 08       		.byte	0x8
 874 0054 05       		.byte	0x5
 875 0055 98010000 		.4byte	.LASF6
 876 0059 02       		.uleb128 0x2
 877 005a 08       		.byte	0x8
 878 005b 07       		.byte	0x7
 879 005c 4D010000 		.4byte	.LASF7
 880 0060 04       		.uleb128 0x4
 881 0061 04       		.byte	0x4
 882 0062 05       		.byte	0x5
 883 0063 696E7400 		.ascii	"int\000"
 884 0067 02       		.uleb128 0x2
 885 0068 04       		.byte	0x4
 886 0069 07       		.byte	0x7
 887 006a 40010000 		.4byte	.LASF8
 888 006e 03       		.uleb128 0x3
 889 006f 64010000 		.4byte	.LASF10
 890 0073 02       		.byte	0x2
 891 0074 18       		.byte	0x18
 892 0075 24000000 		.4byte	0x24
 893 0079 05       		.uleb128 0x5
 894 007a 91000000 		.4byte	0x91
 895 007e 8A000000 		.4byte	0x8a
 896 0082 06       		.uleb128 0x6
 897 0083 8A000000 		.4byte	0x8a
 898 0087 F302     		.2byte	0x2f3
 899 0089 00       		.byte	0
 900 008a 02       		.uleb128 0x2
 901 008b 04       		.byte	0x4
 902 008c 07       		.byte	0x7
 903 008d 8F010000 		.4byte	.LASF11
 904 0091 07       		.uleb128 0x7
 905 0092 6E000000 		.4byte	0x6e
 906 0096 08       		.uleb128 0x8
 907 0097 E7000000 		.4byte	.LASF12
 908 009b 03       		.byte	0x3
ARM GAS  C:\Users\abhim\AppData\Local\Temp\ccReRuDP.s 			page 17


 909 009c 1F       		.byte	0x1f
 910 009d A7000000 		.4byte	0xa7
 911 00a1 05       		.uleb128 0x5
 912 00a2 03       		.byte	0x3
 913 00a3 00000000 		.4byte	cy_meta_configecc
 914 00a7 07       		.uleb128 0x7
 915 00a8 79000000 		.4byte	0x79
 916 00ac 05       		.uleb128 0x5
 917 00ad 91000000 		.4byte	0x91
 918 00b1 BC000000 		.4byte	0xbc
 919 00b5 09       		.uleb128 0x9
 920 00b6 8A000000 		.4byte	0x8a
 921 00ba 03       		.byte	0x3
 922 00bb 00       		.byte	0
 923 00bc 08       		.uleb128 0x8
 924 00bd D7000000 		.4byte	.LASF13
 925 00c1 03       		.byte	0x3
 926 00c2 8B       		.byte	0x8b
 927 00c3 CD000000 		.4byte	0xcd
 928 00c7 05       		.uleb128 0x5
 929 00c8 03       		.byte	0x3
 930 00c9 00000000 		.4byte	cy_meta_custnvl
 931 00cd 07       		.uleb128 0x7
 932 00ce AC000000 		.4byte	0xac
 933 00d2 08       		.uleb128 0x8
 934 00d3 81010000 		.4byte	.LASF14
 935 00d7 03       		.byte	0x3
 936 00d8 99       		.byte	0x99
 937 00d9 E3000000 		.4byte	0xe3
 938 00dd 05       		.uleb128 0x5
 939 00de 03       		.byte	0x3
 940 00df 00000000 		.4byte	cy_meta_wonvl
 941 00e3 07       		.uleb128 0x7
 942 00e4 AC000000 		.4byte	0xac
 943 00e8 05       		.uleb128 0x5
 944 00e9 91000000 		.4byte	0x91
 945 00ed F8000000 		.4byte	0xf8
 946 00f1 09       		.uleb128 0x9
 947 00f2 8A000000 		.4byte	0x8a
 948 00f6 FF       		.byte	0xff
 949 00f7 00       		.byte	0
 950 00f8 08       		.uleb128 0x8
 951 00f9 6C010000 		.4byte	.LASF15
 952 00fd 03       		.byte	0x3
 953 00fe A7       		.byte	0xa7
 954 00ff 09010000 		.4byte	0x109
 955 0103 05       		.uleb128 0x5
 956 0104 03       		.byte	0x3
 957 0105 00000000 		.4byte	cy_meta_flashprotect
 958 0109 07       		.uleb128 0x7
 959 010a E8000000 		.4byte	0xe8
 960 010e 05       		.uleb128 0x5
 961 010f 91000000 		.4byte	0x91
 962 0113 1E010000 		.4byte	0x11e
 963 0117 09       		.uleb128 0x9
 964 0118 8A000000 		.4byte	0x8a
 965 011c 0B       		.byte	0xb
ARM GAS  C:\Users\abhim\AppData\Local\Temp\ccReRuDP.s 			page 18


 966 011d 00       		.byte	0
 967 011e 08       		.uleb128 0x8
 968 011f 0A000000 		.4byte	.LASF16
 969 0123 03       		.byte	0x3
 970 0124 D4       		.byte	0xd4
 971 0125 2F010000 		.4byte	0x12f
 972 0129 05       		.uleb128 0x5
 973 012a 03       		.byte	0x3
 974 012b 00000000 		.4byte	cy_metadata
 975 012f 07       		.uleb128 0x7
 976 0130 0E010000 		.4byte	0x10e
 977 0134 00       		.byte	0
 978              		.section	.debug_abbrev,"",%progbits
 979              	.Ldebug_abbrev0:
 980 0000 01       		.uleb128 0x1
 981 0001 11       		.uleb128 0x11
 982 0002 01       		.byte	0x1
 983 0003 25       		.uleb128 0x25
 984 0004 0E       		.uleb128 0xe
 985 0005 13       		.uleb128 0x13
 986 0006 0B       		.uleb128 0xb
 987 0007 03       		.uleb128 0x3
 988 0008 0E       		.uleb128 0xe
 989 0009 1B       		.uleb128 0x1b
 990 000a 0E       		.uleb128 0xe
 991 000b 10       		.uleb128 0x10
 992 000c 17       		.uleb128 0x17
 993 000d 00       		.byte	0
 994 000e 00       		.byte	0
 995 000f 02       		.uleb128 0x2
 996 0010 24       		.uleb128 0x24
 997 0011 00       		.byte	0
 998 0012 0B       		.uleb128 0xb
 999 0013 0B       		.uleb128 0xb
 1000 0014 3E       		.uleb128 0x3e
 1001 0015 0B       		.uleb128 0xb
 1002 0016 03       		.uleb128 0x3
 1003 0017 0E       		.uleb128 0xe
 1004 0018 00       		.byte	0
 1005 0019 00       		.byte	0
 1006 001a 03       		.uleb128 0x3
 1007 001b 16       		.uleb128 0x16
 1008 001c 00       		.byte	0
 1009 001d 03       		.uleb128 0x3
 1010 001e 0E       		.uleb128 0xe
 1011 001f 3A       		.uleb128 0x3a
 1012 0020 0B       		.uleb128 0xb
 1013 0021 3B       		.uleb128 0x3b
 1014 0022 0B       		.uleb128 0xb
 1015 0023 49       		.uleb128 0x49
 1016 0024 13       		.uleb128 0x13
 1017 0025 00       		.byte	0
 1018 0026 00       		.byte	0
 1019 0027 04       		.uleb128 0x4
 1020 0028 24       		.uleb128 0x24
 1021 0029 00       		.byte	0
 1022 002a 0B       		.uleb128 0xb
ARM GAS  C:\Users\abhim\AppData\Local\Temp\ccReRuDP.s 			page 19


 1023 002b 0B       		.uleb128 0xb
 1024 002c 3E       		.uleb128 0x3e
 1025 002d 0B       		.uleb128 0xb
 1026 002e 03       		.uleb128 0x3
 1027 002f 08       		.uleb128 0x8
 1028 0030 00       		.byte	0
 1029 0031 00       		.byte	0
 1030 0032 05       		.uleb128 0x5
 1031 0033 01       		.uleb128 0x1
 1032 0034 01       		.byte	0x1
 1033 0035 49       		.uleb128 0x49
 1034 0036 13       		.uleb128 0x13
 1035 0037 01       		.uleb128 0x1
 1036 0038 13       		.uleb128 0x13
 1037 0039 00       		.byte	0
 1038 003a 00       		.byte	0
 1039 003b 06       		.uleb128 0x6
 1040 003c 21       		.uleb128 0x21
 1041 003d 00       		.byte	0
 1042 003e 49       		.uleb128 0x49
 1043 003f 13       		.uleb128 0x13
 1044 0040 2F       		.uleb128 0x2f
 1045 0041 05       		.uleb128 0x5
 1046 0042 00       		.byte	0
 1047 0043 00       		.byte	0
 1048 0044 07       		.uleb128 0x7
 1049 0045 26       		.uleb128 0x26
 1050 0046 00       		.byte	0
 1051 0047 49       		.uleb128 0x49
 1052 0048 13       		.uleb128 0x13
 1053 0049 00       		.byte	0
 1054 004a 00       		.byte	0
 1055 004b 08       		.uleb128 0x8
 1056 004c 34       		.uleb128 0x34
 1057 004d 00       		.byte	0
 1058 004e 03       		.uleb128 0x3
 1059 004f 0E       		.uleb128 0xe
 1060 0050 3A       		.uleb128 0x3a
 1061 0051 0B       		.uleb128 0xb
 1062 0052 3B       		.uleb128 0x3b
 1063 0053 0B       		.uleb128 0xb
 1064 0054 49       		.uleb128 0x49
 1065 0055 13       		.uleb128 0x13
 1066 0056 3F       		.uleb128 0x3f
 1067 0057 19       		.uleb128 0x19
 1068 0058 02       		.uleb128 0x2
 1069 0059 18       		.uleb128 0x18
 1070 005a 00       		.byte	0
 1071 005b 00       		.byte	0
 1072 005c 09       		.uleb128 0x9
 1073 005d 21       		.uleb128 0x21
 1074 005e 00       		.byte	0
 1075 005f 49       		.uleb128 0x49
 1076 0060 13       		.uleb128 0x13
 1077 0061 2F       		.uleb128 0x2f
 1078 0062 0B       		.uleb128 0xb
 1079 0063 00       		.byte	0
ARM GAS  C:\Users\abhim\AppData\Local\Temp\ccReRuDP.s 			page 20


 1080 0064 00       		.byte	0
 1081 0065 00       		.byte	0
 1082              		.section	.debug_aranges,"",%progbits
 1083 0000 14000000 		.4byte	0x14
 1084 0004 0200     		.2byte	0x2
 1085 0006 00000000 		.4byte	.Ldebug_info0
 1086 000a 04       		.byte	0x4
 1087 000b 00       		.byte	0
 1088 000c 0000     		.2byte	0
 1089 000e 0000     		.2byte	0
 1090 0010 00000000 		.4byte	0
 1091 0014 00000000 		.4byte	0
 1092              		.section	.debug_line,"",%progbits
 1093              	.Ldebug_line0:
 1094 0000 3D010000 		.section	.debug_str,"MS",%progbits,1
 1094      02003701 
 1094      00000201 
 1094      FB0E0D00 
 1094      01010101 
 1095              	.LASF9:
 1096 0000 5F5F7569 		.ascii	"__uint8_t\000"
 1096      6E74385F 
 1096      7400
 1097              	.LASF16:
 1098 000a 63795F6D 		.ascii	"cy_metadata\000"
 1098      65746164 
 1098      61746100 
 1099              	.LASF1:
 1100 0016 756E7369 		.ascii	"unsigned char\000"
 1100      676E6564 
 1100      20636861 
 1100      7200
 1101              	.LASF17:
 1102 0024 474E5520 		.ascii	"GNU C11 5.4.1 20160609 (release) [ARM/embedded-5-br"
 1102      43313120 
 1102      352E342E 
 1102      31203230 
 1102      31363036 
 1103 0057 616E6368 		.ascii	"anch revision 237715] -mcpu=cortex-m3 -mthumb -g -O"
 1103      20726576 
 1103      6973696F 
 1103      6E203233 
 1103      37373135 
 1104 008a 67202D66 		.ascii	"g -ffunction-sections -ffat-lto-objects\000"
 1104      66756E63 
 1104      74696F6E 
 1104      2D736563 
 1104      74696F6E 
 1105              	.LASF5:
 1106 00b2 6C6F6E67 		.ascii	"long unsigned int\000"
 1106      20756E73 
 1106      69676E65 
 1106      6420696E 
 1106      7400
 1107              	.LASF3:
 1108 00c4 73686F72 		.ascii	"short unsigned int\000"
 1108      7420756E 
ARM GAS  C:\Users\abhim\AppData\Local\Temp\ccReRuDP.s 			page 21


 1108      7369676E 
 1108      65642069 
 1108      6E7400
 1109              	.LASF13:
 1110 00d7 63795F6D 		.ascii	"cy_meta_custnvl\000"
 1110      6574615F 
 1110      63757374 
 1110      6E766C00 
 1111              	.LASF12:
 1112 00e7 63795F6D 		.ascii	"cy_meta_configecc\000"
 1112      6574615F 
 1112      636F6E66 
 1112      69676563 
 1112      6300
 1113              	.LASF19:
 1114 00f9 443A5C70 		.ascii	"D:\\psoc-workspace\\Lab Assignments\\Workspace01\\A"
 1114      736F632D 
 1114      776F726B 
 1114      73706163 
 1114      655C4C61 
 1115 0128 73736967 		.ascii	"ssignment01Design.cydsn\000"
 1115      6E6D656E 
 1115      74303144 
 1115      65736967 
 1115      6E2E6379 
 1116              	.LASF8:
 1117 0140 756E7369 		.ascii	"unsigned int\000"
 1117      676E6564 
 1117      20696E74 
 1117      00
 1118              	.LASF7:
 1119 014d 6C6F6E67 		.ascii	"long long unsigned int\000"
 1119      206C6F6E 
 1119      6720756E 
 1119      7369676E 
 1119      65642069 
 1120              	.LASF10:
 1121 0164 75696E74 		.ascii	"uint8_t\000"
 1121      385F7400 
 1122              	.LASF15:
 1123 016c 63795F6D 		.ascii	"cy_meta_flashprotect\000"
 1123      6574615F 
 1123      666C6173 
 1123      6870726F 
 1123      74656374 
 1124              	.LASF14:
 1125 0181 63795F6D 		.ascii	"cy_meta_wonvl\000"
 1125      6574615F 
 1125      776F6E76 
 1125      6C00
 1126              	.LASF11:
 1127 018f 73697A65 		.ascii	"sizetype\000"
 1127      74797065 
 1127      00
 1128              	.LASF6:
 1129 0198 6C6F6E67 		.ascii	"long long int\000"
 1129      206C6F6E 
ARM GAS  C:\Users\abhim\AppData\Local\Temp\ccReRuDP.s 			page 22


 1129      6720696E 
 1129      7400
 1130              	.LASF2:
 1131 01a6 73686F72 		.ascii	"short int\000"
 1131      7420696E 
 1131      7400
 1132              	.LASF4:
 1133 01b0 6C6F6E67 		.ascii	"long int\000"
 1133      20696E74 
 1133      00
 1134              	.LASF0:
 1135 01b9 7369676E 		.ascii	"signed char\000"
 1135      65642063 
 1135      68617200 
 1136              	.LASF18:
 1137 01c5 47656E65 		.ascii	"Generated_Source\\PSoC5\\cymetadata.c\000"
 1137      72617465 
 1137      645F536F 
 1137      75726365 
 1137      5C50536F 
 1138              		.ident	"GCC: (GNU Tools for ARM Embedded Processors) 5.4.1 20160609 (release) [ARM/embedded-5-bran
