ARM GAS  C:\Users\abhim\AppData\Local\Temp\ccZJVTEe.s 			page 1


   1              		.syntax unified
   2              		.cpu cortex-m3
   3              		.fpu softvfp
   4              		.eabi_attribute 20, 1
   5              		.eabi_attribute 21, 1
   6              		.eabi_attribute 23, 3
   7              		.eabi_attribute 24, 1
   8              		.eabi_attribute 25, 1
   9              		.eabi_attribute 26, 1
  10              		.eabi_attribute 30, 1
  11              		.eabi_attribute 34, 1
  12              		.eabi_attribute 18, 4
  13              		.thumb
  14              		.syntax unified
  15              		.file	"main.c"
  16              		.text
  17              	.Ltext0:
  18              		.cfi_sections	.debug_frame
  19              		.section	.text.main,"ax",%progbits
  20              		.align	2
  21              		.global	main
  22              		.thumb
  23              		.thumb_func
  24              		.type	main, %function
  25              	main:
  26              	.LFB65:
  27              		.file 1 "main.c"
   1:main.c        **** /* ========================================
   2:main.c        ****  *
   3:main.c        ****  * Copyright YOUR COMPANY, THE YEAR
   4:main.c        ****  * All Rights Reserved
   5:main.c        ****  * UNPUBLISHED, LICENSED SOFTWARE.
   6:main.c        ****  *
   7:main.c        ****  * CONFIDENTIAL AND PROPRIETARY INFORMATION
   8:main.c        ****  * WHICH IS THE PROPERTY OF your company.
   9:main.c        ****  *
  10:main.c        ****  * ========================================
  11:main.c        **** */
  12:main.c        **** 
  13:main.c        **** #include "timingAnalyzer.h"
  14:main.c        **** #include <stdbool.h>
  15:main.c        **** #include <math.h>
  16:main.c        **** 
  17:main.c        **** volatile unsigned int time = 0;
  18:main.c        **** CY_ISR_PROTO(isr_Timer1ms_terminalCount);
  19:main.c        **** CY_ISR_PROTO(isr_Timer2ms_terminalCount);
  20:main.c        **** 
  21:main.c        **** static void delay_function(void) {
  22:main.c        ****   
  23:main.c        ****      for (int i = 0; i < 1000; i++) { // Adjusted to 1000 for each set of 1000 operations
  24:main.c        **** 
  25:main.c        ****         // Uncomment the block of code you want to test.
  26:main.c        ****         int result;
  27:main.c        ****         float resultFloat;
  28:main.c        ****         double resultDouble;
  29:main.c        ****         // Integer additions
  30:main.c        ****         
ARM GAS  C:\Users\abhim\AppData\Local\Temp\ccZJVTEe.s 			page 2


  31:main.c        ****         result = 0;
  32:main.c        ****         for (int j = 0; j < 1000; j++) {
  33:main.c        ****             result += j;
  34:main.c        ****         }
  35:main.c        ****         
  36:main.c        **** 
  37:main.c        ****         // Integer multiplications / divisions
  38:main.c        ****         
  39:main.c        **** //        result = 1;
  40:main.c        **** //        for (int j = 1; j <= 1000; j++) {
  41:main.c        **** //            result *= j;
  42:main.c        **** //            result /= j + 1;
  43:main.c        **** //        }
  44:main.c        ****         
  45:main.c        **** 
  46:main.c        ****         // Float additions
  47:main.c        ****     
  48:main.c        **** //        resultFloat = 0.0f;
  49:main.c        **** //        for (int j = 0; j < 1000; j++) {
  50:main.c        **** //            resultFloat += 1.1f;
  51:main.c        **** //        }
  52:main.c        ****         
  53:main.c        **** 
  54:main.c        ****         // Float multiplications / divisions
  55:main.c        ****         
  56:main.c        **** //        resultFloat = 1.0f;
  57:main.c        **** //        for (int j = 1; j <= 1000; j++) {
  58:main.c        **** //            resultFloat *= 1.1f;
  59:main.c        **** //            resultFloat /= 1.01f;
  60:main.c        **** //        }
  61:main.c        ****         
  62:main.c        **** 
  63:main.c        ****         // Square root calculations
  64:main.c        ****         
  65:main.c        **** //        resultFloat = 0.0f;
  66:main.c        **** //        for (int j = 1; j <= 1000; j++) {
  67:main.c        **** //            resultFloat = sqrtf((float)j);
  68:main.c        **** //        }
  69:main.c        ****        
  70:main.c        **** 
  71:main.c        ****         // Sine calculations with double precision
  72:main.c        ****         
  73:main.c        **** //        resultDouble = 0.0;
  74:main.c        **** //        for (int j = 1; j <= 1000; j++) {
  75:main.c        **** //            resultDouble = sin((double)j);
  76:main.c        **** //        }
  77:main.c        ****         
  78:main.c        **** 
  79:main.c        ****         // Sine calculations with float precision
  80:main.c        ****         
  81:main.c        **** //        resultFloat = 0.0f;
  82:main.c        **** //        for (int j = 1; j <= 1000; j++) {
  83:main.c        **** //            resultFloat = sinf((float)j);
  84:main.c        **** //        }
  85:main.c        ****         
  86:main.c        ****     }
  87:main.c        **** }
ARM GAS  C:\Users\abhim\AppData\Local\Temp\ccZJVTEe.s 			page 3


  88:main.c        **** 
  89:main.c        **** int main(void)
  90:main.c        **** {
  28              		.loc 1 90 0
  29              		.cfi_startproc
  30              		@ args = 0, pretend = 0, frame = 320
  31              		@ frame_needed = 0, uses_anonymous_args = 0
  32 0000 00B5     		push	{lr}
  33              		.cfi_def_cfa_offset 4
  34              		.cfi_offset 14, -4
  35 0002 D1B0     		sub	sp, sp, #324
  36              		.cfi_def_cfa_offset 328
  91:main.c        ****     CyGlobalIntEnable; /* Enable global interrupts. */
  37              		.loc 1 91 0
  38              		.syntax unified
  39              	@ 91 "main.c" 1
  40 0004 62B6     		CPSIE   i
  41              	@ 0 "" 2
  92:main.c        ****     /* Initialize components */
  93:main.c        **** //    isr_Timer1ms_StartEx(isr_Timer1ms_terminalCount);
  94:main.c        **** //    timer_clock_Start();
  95:main.c        **** //    Timer_1ms_Start();
  96:main.c        ****     
  97:main.c        **** //    isr_Timer2ms_StartEx(isr_Timer2ms_terminalCount);
  98:main.c        **** //    timer_clock2ms_Start();
  99:main.c        **** //    Timer_2ms_Start();
 100:main.c        ****     
 101:main.c        ****     UART_LOG_Start();
  42              		.loc 1 101 0
  43              		.thumb
  44              		.syntax unified
  45 0006 FFF7FEFF 		bl	UART_LOG_Start
  46              	.LVL0:
 102:main.c        ****     TimingAnalyzer_Init();
  47              		.loc 1 102 0
  48 000a FFF7FEFF 		bl	TimingAnalyzer_Init
  49              	.LVL1:
 103:main.c        ****   
 104:main.c        ****     //Create objects for different analysers.
 105:main.c        ****     TimingAnalyzer_t dwt_analyzer;
 106:main.c        ****     TimingAnalyzer_t dwt_analyzerPin;
 107:main.c        ****     TimingAnalyzer_t systick_analyzer;
 108:main.c        ****     TimingAnalyzer_t systick_analyzerPin;
 109:main.c        ****     TimingAnalyzer_t led_analyzer;
 110:main.c        ****     
 111:main.c        ****     //Create Timing Analyzers for different modes.
 112:main.c        ****     TimingAnalyzer_Create(&systick_analyzer, MODE_SYSTICK, 4, "SysTick Test");  // No LED
  50              		.loc 1 112 0
  51 000e 324B     		ldr	r3, .L3
  52 0010 0422     		movs	r2, #4
  53 0012 0221     		movs	r1, #2
  54 0014 20A8     		add	r0, sp, #128
  55 0016 FFF7FEFF 		bl	TimingAnalyzer_Create
  56              	.LVL2:
 113:main.c        ****     TimingAnalyzer_Create(&systick_analyzerPin, MODE_SYSTICK_PIN, 0, "SysTick Test + Output Pin"); 
  57              		.loc 1 113 0
  58 001a 304B     		ldr	r3, .L3+4
ARM GAS  C:\Users\abhim\AppData\Local\Temp\ccZJVTEe.s 			page 4


  59 001c 0022     		movs	r2, #0
  60 001e 0321     		movs	r1, #3
  61 0020 10A8     		add	r0, sp, #64
  62 0022 FFF7FEFF 		bl	TimingAnalyzer_Create
  63              	.LVL3:
 114:main.c        ****     TimingAnalyzer_Create(&dwt_analyzer, MODE_DWT_COUNTER, 4, "DWT Cycle Counter");  // No LED
  64              		.loc 1 114 0
  65 0026 2E4B     		ldr	r3, .L3+8
  66 0028 0422     		movs	r2, #4
  67 002a 0021     		movs	r1, #0
  68 002c 40A8     		add	r0, sp, #256
  69 002e FFF7FEFF 		bl	TimingAnalyzer_Create
  70              	.LVL4:
 115:main.c        ****     TimingAnalyzer_Create(&dwt_analyzerPin, MODE_DWT_COUNTER_PIN, 1, "DWT Cycle Counter + Output Pi
  71              		.loc 1 115 0
  72 0032 2C4B     		ldr	r3, .L3+12
  73 0034 0122     		movs	r2, #1
  74 0036 1146     		mov	r1, r2
  75 0038 30A8     		add	r0, sp, #192
  76 003a FFF7FEFF 		bl	TimingAnalyzer_Create
  77              	.LVL5:
 116:main.c        ****     TimingAnalyzer_Create(&led_analyzer, MODE_PIN_ONLY, 2, "LED Test");         // With yellow LED 
  78              		.loc 1 116 0
  79 003e 2A4B     		ldr	r3, .L3+16
  80 0040 0222     		movs	r2, #2
  81 0042 0421     		movs	r1, #4
  82 0044 6846     		mov	r0, sp
  83 0046 FFF7FEFF 		bl	TimingAnalyzer_Create
  84              	.LVL6:
 117:main.c        ****     
 118:main.c        ****     
 119:main.c        ****     //Basic test for systick analyzer
 120:main.c        ****     TimingAnalyzer_Start(&systick_analyzer);
  85              		.loc 1 120 0
  86 004a 20A8     		add	r0, sp, #128
  87 004c FFF7FEFF 		bl	TimingAnalyzer_Start
  88              	.LVL7:
 121:main.c        ****    // delay_function(); 
 122:main.c        ****     CyDelay(1000); //5s
  89              		.loc 1 122 0
  90 0050 4FF47A70 		mov	r0, #1000
  91 0054 FFF7FEFF 		bl	CyDelay
  92              	.LVL8:
 123:main.c        ****     TimingAnalyzer_Stop(&systick_analyzer);
  93              		.loc 1 123 0
  94 0058 20A8     		add	r0, sp, #128
  95 005a FFF7FEFF 		bl	TimingAnalyzer_Stop
  96              	.LVL9:
 124:main.c        ****     TimingAnalyzer_PrintSingle(&systick_analyzer);
  97              		.loc 1 124 0
  98 005e 20A8     		add	r0, sp, #128
  99 0060 FFF7FEFF 		bl	TimingAnalyzer_PrintSingle
 100              	.LVL10:
 125:main.c        ****     
 126:main.c        ****     //Basic test for systick analyzer and Pin.
 127:main.c        ****     TimingAnalyzer_Start(&systick_analyzerPin);
 101              		.loc 1 127 0
ARM GAS  C:\Users\abhim\AppData\Local\Temp\ccZJVTEe.s 			page 5


 102 0064 10A8     		add	r0, sp, #64
 103 0066 FFF7FEFF 		bl	TimingAnalyzer_Start
 104              	.LVL11:
 128:main.c        ****      CyDelay(1000); //5000 ms
 105              		.loc 1 128 0
 106 006a 4FF47A70 		mov	r0, #1000
 107 006e FFF7FEFF 		bl	CyDelay
 108              	.LVL12:
 129:main.c        ****     TimingAnalyzer_Stop(&systick_analyzerPin);
 109              		.loc 1 129 0
 110 0072 10A8     		add	r0, sp, #64
 111 0074 FFF7FEFF 		bl	TimingAnalyzer_Stop
 112              	.LVL13:
 130:main.c        ****     TimingAnalyzer_PrintSingle(&systick_analyzerPin);
 113              		.loc 1 130 0
 114 0078 10A8     		add	r0, sp, #64
 115 007a FFF7FEFF 		bl	TimingAnalyzer_PrintSingle
 116              	.LVL14:
 131:main.c        ****      
 132:main.c        ****     //Basic test for DWT cycle counter
 133:main.c        ****     TimingAnalyzer_Start(&dwt_analyzer);
 117              		.loc 1 133 0
 118 007e 40A8     		add	r0, sp, #256
 119 0080 FFF7FEFF 		bl	TimingAnalyzer_Start
 120              	.LVL15:
 134:main.c        ****      CyDelay(1000);//5s
 121              		.loc 1 134 0
 122 0084 4FF47A70 		mov	r0, #1000
 123 0088 FFF7FEFF 		bl	CyDelay
 124              	.LVL16:
 135:main.c        ****     TimingAnalyzer_Stop(&dwt_analyzer);
 125              		.loc 1 135 0
 126 008c 40A8     		add	r0, sp, #256
 127 008e FFF7FEFF 		bl	TimingAnalyzer_Stop
 128              	.LVL17:
 136:main.c        ****     TimingAnalyzer_PrintSingle(&dwt_analyzer);
 129              		.loc 1 136 0
 130 0092 40A8     		add	r0, sp, #256
 131 0094 FFF7FEFF 		bl	TimingAnalyzer_PrintSingle
 132              	.LVL18:
 137:main.c        ****     
 138:main.c        ****     //Basic test for DWT cycle counter and pin
 139:main.c        ****     TimingAnalyzer_Start(&dwt_analyzerPin);
 133              		.loc 1 139 0
 134 0098 30A8     		add	r0, sp, #192
 135 009a FFF7FEFF 		bl	TimingAnalyzer_Start
 136              	.LVL19:
 140:main.c        ****      CyDelay(1000);
 137              		.loc 1 140 0
 138 009e 4FF47A70 		mov	r0, #1000
 139 00a2 FFF7FEFF 		bl	CyDelay
 140              	.LVL20:
 141:main.c        ****     TimingAnalyzer_Stop(&dwt_analyzerPin);
 141              		.loc 1 141 0
 142 00a6 30A8     		add	r0, sp, #192
 143 00a8 FFF7FEFF 		bl	TimingAnalyzer_Stop
 144              	.LVL21:
ARM GAS  C:\Users\abhim\AppData\Local\Temp\ccZJVTEe.s 			page 6


 142:main.c        ****     TimingAnalyzer_PrintSingle(&dwt_analyzerPin);
 145              		.loc 1 142 0
 146 00ac 30A8     		add	r0, sp, #192
 147 00ae FFF7FEFF 		bl	TimingAnalyzer_PrintSingle
 148              	.LVL22:
 143:main.c        ****     
 144:main.c        ****     //Basic test for led analyzer
 145:main.c        ****     TimingAnalyzer_Start(&led_analyzer);
 149              		.loc 1 145 0
 150 00b2 6846     		mov	r0, sp
 151 00b4 FFF7FEFF 		bl	TimingAnalyzer_Start
 152              	.LVL23:
 146:main.c        ****      CyDelay(1000);
 153              		.loc 1 146 0
 154 00b8 4FF47A70 		mov	r0, #1000
 155 00bc FFF7FEFF 		bl	CyDelay
 156              	.LVL24:
 147:main.c        ****     TimingAnalyzer_Stop(&led_analyzer);
 157              		.loc 1 147 0
 158 00c0 6846     		mov	r0, sp
 159 00c2 FFF7FEFF 		bl	TimingAnalyzer_Stop
 160              	.LVL25:
 148:main.c        ****     TimingAnalyzer_PrintSingle(&led_analyzer);
 161              		.loc 1 148 0
 162 00c6 6846     		mov	r0, sp
 163 00c8 FFF7FEFF 		bl	TimingAnalyzer_PrintSingle
 164              	.LVL26:
 149:main.c        ****   
 150:main.c        ****     //Basic test for systick analyzer
 151:main.c        **** //    UART_LOG_PutString ("\r\n TC1 - Systick Counter \r\n");
 152:main.c        **** //    TimingAnalyzer_Start(&systick_analyzer);
 153:main.c        **** //    CyDelay(600); //600 ms
 154:main.c        **** //    TimingAnalyzer_Pause(&systick_analyzer);
 155:main.c        **** //    CyDelay(600); //600 ms not added.
 156:main.c        **** //    TimingAnalyzer_Resume(&systick_analyzer);
 157:main.c        **** //    CyDelay(600); //600 ms should be added.
 158:main.c        **** //    TimingAnalyzer_Pause(&systick_analyzer);
 159:main.c        **** //    CyDelay(600); //600 ms not added.
 160:main.c        **** //    TimingAnalyzer_Stop(&systick_analyzer);
 161:main.c        **** //    TimingAnalyzer_PrintSingle(&systick_analyzer);
 162:main.c        ****     
 163:main.c        ****     //Basic test for DWT cycle counter
 164:main.c        ****  //     UART_LOG_PutString("\r\n TC2 - DWT Cycle Counter \r\n");
 165:main.c        **** //    TimingAnalyzer_Start(&dwt_analyzer);
 166:main.c        **** //    CyDelay(600); //600 ms
 167:main.c        **** //    TimingAnalyzer_Pause(&dwt_analyzer);
 168:main.c        **** //    CyDelay(600); //600 ms not added.
 169:main.c        **** //    TimingAnalyzer_Resume(&dwt_analyzer);
 170:main.c        **** //     CyDelay(600); //600 ms should be added.
 171:main.c        **** //    TimingAnalyzer_Pause(&dwt_analyzer);
 172:main.c        **** //    CyDelay(600); //600 ms not added.
 173:main.c        **** //    TimingAnalyzer_Stop(&dwt_analyzer);
 174:main.c        **** //    TimingAnalyzer_PrintSingle(&dwt_analyzer);
 175:main.c        ****     
 176:main.c        ****     
 177:main.c        ****     TimingAnalyzer_PrintAll();
 165              		.loc 1 177 0
ARM GAS  C:\Users\abhim\AppData\Local\Temp\ccZJVTEe.s 			page 7


 166 00cc FFF7FEFF 		bl	TimingAnalyzer_PrintAll
 167              	.LVL27:
 178:main.c        ****     
 179:main.c        ****     
 180:main.c        ****   
 181:main.c        **** }
 168              		.loc 1 181 0
 169 00d0 0020     		movs	r0, #0
 170 00d2 51B0     		add	sp, sp, #324
 171              		.cfi_def_cfa_offset 4
 172              		@ sp needed
 173 00d4 5DF804FB 		ldr	pc, [sp], #4
 174              	.L4:
 175              		.align	2
 176              	.L3:
 177 00d8 00000000 		.word	.LC0
 178 00dc 10000000 		.word	.LC1
 179 00e0 2C000000 		.word	.LC2
 180 00e4 40000000 		.word	.LC3
 181 00e8 60000000 		.word	.LC4
 182              		.cfi_endproc
 183              	.LFE65:
 184              		.size	main, .-main
 185              		.section	.text.isr_Timer1ms_terminalCount,"ax",%progbits
 186              		.align	2
 187              		.global	isr_Timer1ms_terminalCount
 188              		.thumb
 189              		.thumb_func
 190              		.type	isr_Timer1ms_terminalCount, %function
 191              	isr_Timer1ms_terminalCount:
 192              	.LFB66:
 182:main.c        **** 
 183:main.c        **** CY_ISR(isr_Timer1ms_terminalCount){
 193              		.loc 1 183 0
 194              		.cfi_startproc
 195              		@ args = 0, pretend = 0, frame = 64
 196              		@ frame_needed = 0, uses_anonymous_args = 0
 197 0000 00B5     		push	{lr}
 198              		.cfi_def_cfa_offset 4
 199              		.cfi_offset 14, -4
 200 0002 91B0     		sub	sp, sp, #68
 201              		.cfi_def_cfa_offset 72
 184:main.c        ****     UART_LOG_PutChar('A');
 202              		.loc 1 184 0
 203 0004 4120     		movs	r0, #65
 204 0006 FFF7FEFF 		bl	UART_LOG_PutChar
 205              	.LVL28:
 185:main.c        ****     Timer_1ms_ReadStatusRegister();
 206              		.loc 1 185 0
 207 000a FFF7FEFF 		bl	Timer_1ms_ReadStatusRegister
 208              	.LVL29:
 186:main.c        ****     isr_Timer1ms_ClearPending();
 209              		.loc 1 186 0
 210 000e FFF7FEFF 		bl	isr_Timer1ms_ClearPending
 211              	.LVL30:
 187:main.c        ****     
 188:main.c        ****     TimingAnalyzer_t systick_analyzer;
ARM GAS  C:\Users\abhim\AppData\Local\Temp\ccZJVTEe.s 			page 8


 189:main.c        ****     TimingAnalyzer_Create(&systick_analyzer, MODE_SYSTICK, 4, "SysTick Test");
 212              		.loc 1 189 0
 213 0012 0B4B     		ldr	r3, .L7
 214 0014 0422     		movs	r2, #4
 215 0016 0221     		movs	r1, #2
 216 0018 6846     		mov	r0, sp
 217 001a FFF7FEFF 		bl	TimingAnalyzer_Create
 218              	.LVL31:
 190:main.c        ****     
 191:main.c        ****     TimingAnalyzer_Start(&systick_analyzer);
 219              		.loc 1 191 0
 220 001e 6846     		mov	r0, sp
 221 0020 FFF7FEFF 		bl	TimingAnalyzer_Start
 222              	.LVL32:
 192:main.c        ****     CyDelay(5000);
 223              		.loc 1 192 0
 224 0024 41F28830 		movw	r0, #5000
 225 0028 FFF7FEFF 		bl	CyDelay
 226              	.LVL33:
 193:main.c        ****     TimingAnalyzer_Stop(&systick_analyzer);
 227              		.loc 1 193 0
 228 002c 6846     		mov	r0, sp
 229 002e FFF7FEFF 		bl	TimingAnalyzer_Stop
 230              	.LVL34:
 194:main.c        ****     TimingAnalyzer_PrintSingle(&systick_analyzer); 
 231              		.loc 1 194 0
 232 0032 6846     		mov	r0, sp
 233 0034 FFF7FEFF 		bl	TimingAnalyzer_PrintSingle
 234              	.LVL35:
 195:main.c        **** }
 235              		.loc 1 195 0
 236 0038 11B0     		add	sp, sp, #68
 237              		.cfi_def_cfa_offset 4
 238              		@ sp needed
 239 003a 5DF804FB 		ldr	pc, [sp], #4
 240              	.L8:
 241 003e 00BF     		.align	2
 242              	.L7:
 243 0040 00000000 		.word	.LC0
 244              		.cfi_endproc
 245              	.LFE66:
 246              		.size	isr_Timer1ms_terminalCount, .-isr_Timer1ms_terminalCount
 247              		.section	.text.isr_Timer2ms_terminalCount,"ax",%progbits
 248              		.align	2
 249              		.global	isr_Timer2ms_terminalCount
 250              		.thumb
 251              		.thumb_func
 252              		.type	isr_Timer2ms_terminalCount, %function
 253              	isr_Timer2ms_terminalCount:
 254              	.LFB67:
 196:main.c        **** 
 197:main.c        **** CY_ISR(isr_Timer2ms_terminalCount){
 255              		.loc 1 197 0
 256              		.cfi_startproc
 257              		@ args = 0, pretend = 0, frame = 64
 258              		@ frame_needed = 0, uses_anonymous_args = 0
 259 0000 00B5     		push	{lr}
ARM GAS  C:\Users\abhim\AppData\Local\Temp\ccZJVTEe.s 			page 9


 260              		.cfi_def_cfa_offset 4
 261              		.cfi_offset 14, -4
 262 0002 91B0     		sub	sp, sp, #68
 263              		.cfi_def_cfa_offset 72
 198:main.c        ****     UART_LOG_PutChar('B');
 264              		.loc 1 198 0
 265 0004 4220     		movs	r0, #66
 266 0006 FFF7FEFF 		bl	UART_LOG_PutChar
 267              	.LVL36:
 199:main.c        ****     Timer_2ms_ReadStatusRegister();
 268              		.loc 1 199 0
 269 000a FFF7FEFF 		bl	Timer_2ms_ReadStatusRegister
 270              	.LVL37:
 200:main.c        ****     isr_Timer2ms_ClearPending();
 271              		.loc 1 200 0
 272 000e FFF7FEFF 		bl	isr_Timer2ms_ClearPending
 273              	.LVL38:
 201:main.c        ****   
 202:main.c        ****     TimingAnalyzer_t systick_analyzer;
 203:main.c        ****     TimingAnalyzer_Create(&systick_analyzer, MODE_SYSTICK, 4, "SysTick Test");
 274              		.loc 1 203 0
 275 0012 0B4B     		ldr	r3, .L11
 276 0014 0422     		movs	r2, #4
 277 0016 0221     		movs	r1, #2
 278 0018 6846     		mov	r0, sp
 279 001a FFF7FEFF 		bl	TimingAnalyzer_Create
 280              	.LVL39:
 204:main.c        ****     
 205:main.c        ****     TimingAnalyzer_Start(&systick_analyzer);
 281              		.loc 1 205 0
 282 001e 6846     		mov	r0, sp
 283 0020 FFF7FEFF 		bl	TimingAnalyzer_Start
 284              	.LVL40:
 206:main.c        ****     CyDelay(5000);
 285              		.loc 1 206 0
 286 0024 41F28830 		movw	r0, #5000
 287 0028 FFF7FEFF 		bl	CyDelay
 288              	.LVL41:
 207:main.c        ****     TimingAnalyzer_Stop(&systick_analyzer);
 289              		.loc 1 207 0
 290 002c 6846     		mov	r0, sp
 291 002e FFF7FEFF 		bl	TimingAnalyzer_Stop
 292              	.LVL42:
 208:main.c        ****     TimingAnalyzer_PrintSingle(&systick_analyzer); 
 293              		.loc 1 208 0
 294 0032 6846     		mov	r0, sp
 295 0034 FFF7FEFF 		bl	TimingAnalyzer_PrintSingle
 296              	.LVL43:
 209:main.c        **** }
 297              		.loc 1 209 0
 298 0038 11B0     		add	sp, sp, #68
 299              		.cfi_def_cfa_offset 4
 300              		@ sp needed
 301 003a 5DF804FB 		ldr	pc, [sp], #4
 302              	.L12:
 303 003e 00BF     		.align	2
 304              	.L11:
ARM GAS  C:\Users\abhim\AppData\Local\Temp\ccZJVTEe.s 			page 10


 305 0040 00000000 		.word	.LC0
 306              		.cfi_endproc
 307              	.LFE67:
 308              		.size	isr_Timer2ms_terminalCount, .-isr_Timer2ms_terminalCount
 309              		.global	time
 310              		.section	.rodata.str1.4,"aMS",%progbits,1
 311              		.align	2
 312              	.LC0:
 313 0000 53797354 		.ascii	"SysTick Test\000"
 313      69636B20 
 313      54657374 
 313      00
 314 000d 000000   		.space	3
 315              	.LC1:
 316 0010 53797354 		.ascii	"SysTick Test + Output Pin\000"
 316      69636B20 
 316      54657374 
 316      202B204F 
 316      75747075 
 317 002a 0000     		.space	2
 318              	.LC2:
 319 002c 44575420 		.ascii	"DWT Cycle Counter\000"
 319      4379636C 
 319      6520436F 
 319      756E7465 
 319      7200
 320 003e 0000     		.space	2
 321              	.LC3:
 322 0040 44575420 		.ascii	"DWT Cycle Counter + Output Pin\000"
 322      4379636C 
 322      6520436F 
 322      756E7465 
 322      72202B20 
 323 005f 00       		.space	1
 324              	.LC4:
 325 0060 4C454420 		.ascii	"LED Test\000"
 325      54657374 
 325      00
 326              		.bss
 327              		.align	2
 328              		.type	time, %object
 329              		.size	time, 4
 330              	time:
 331 0000 00000000 		.space	4
 332              		.text
 333              	.Letext0:
 334              		.file 2 "c:\\program files (x86)\\cypress\\psoc creator\\4.4\\psoc creator\\import\\gnu\\arm\\5.4.
 335              		.file 3 "c:\\program files (x86)\\cypress\\psoc creator\\4.4\\psoc creator\\import\\gnu\\arm\\5.4.
 336              		.file 4 "timingAnalyzer.h"
 337              		.file 5 "Generated_Source\\PSoC5/core_cm3.h"
 338              		.file 6 "Generated_Source\\PSoC5/UART_LOG.h"
 339              		.file 7 "Generated_Source\\PSoC5/CyLib.h"
 340              		.file 8 "Generated_Source\\PSoC5/Timer_1ms.h"
 341              		.file 9 "Generated_Source\\PSoC5/isr_Timer1ms.h"
 342              		.file 10 "Generated_Source\\PSoC5/Timer_2ms.h"
 343              		.file 11 "Generated_Source\\PSoC5/isr_Timer2ms.h"
 344              		.section	.debug_info,"",%progbits
ARM GAS  C:\Users\abhim\AppData\Local\Temp\ccZJVTEe.s 			page 11


 345              	.Ldebug_info0:
 346 0000 20070000 		.4byte	0x720
 347 0004 0400     		.2byte	0x4
 348 0006 00000000 		.4byte	.Ldebug_abbrev0
 349 000a 04       		.byte	0x4
 350 000b 01       		.uleb128 0x1
 351 000c D3030000 		.4byte	.LASF67
 352 0010 0C       		.byte	0xc
 353 0011 07030000 		.4byte	.LASF68
 354 0015 83010000 		.4byte	.LASF69
 355 0019 00000000 		.4byte	.Ldebug_ranges0+0
 356 001d 00000000 		.4byte	0
 357 0021 00000000 		.4byte	.Ldebug_line0
 358 0025 02       		.uleb128 0x2
 359 0026 01       		.byte	0x1
 360 0027 08       		.byte	0x8
 361 0028 01020000 		.4byte	.LASF0
 362 002c 02       		.uleb128 0x2
 363 002d 01       		.byte	0x1
 364 002e 06       		.byte	0x6
 365 002f 2E020000 		.4byte	.LASF1
 366 0033 03       		.uleb128 0x3
 367 0034 79010000 		.4byte	.LASF4
 368 0038 02       		.byte	0x2
 369 0039 1D       		.byte	0x1d
 370 003a 25000000 		.4byte	0x25
 371 003e 02       		.uleb128 0x2
 372 003f 02       		.byte	0x2
 373 0040 05       		.byte	0x5
 374 0041 43000000 		.4byte	.LASF2
 375 0045 02       		.uleb128 0x2
 376 0046 02       		.byte	0x2
 377 0047 07       		.byte	0x7
 378 0048 95020000 		.4byte	.LASF3
 379 004c 03       		.uleb128 0x3
 380 004d 70030000 		.4byte	.LASF5
 381 0051 02       		.byte	0x2
 382 0052 3F       		.byte	0x3f
 383 0053 57000000 		.4byte	0x57
 384 0057 02       		.uleb128 0x2
 385 0058 04       		.byte	0x4
 386 0059 05       		.byte	0x5
 387 005a 50010000 		.4byte	.LASF6
 388 005e 03       		.uleb128 0x3
 389 005f AC000000 		.4byte	.LASF7
 390 0063 02       		.byte	0x2
 391 0064 41       		.byte	0x41
 392 0065 69000000 		.4byte	0x69
 393 0069 02       		.uleb128 0x2
 394 006a 04       		.byte	0x4
 395 006b 07       		.byte	0x7
 396 006c 16030000 		.4byte	.LASF8
 397 0070 02       		.uleb128 0x2
 398 0071 08       		.byte	0x8
 399 0072 05       		.byte	0x5
 400 0073 25010000 		.4byte	.LASF9
 401 0077 02       		.uleb128 0x2
ARM GAS  C:\Users\abhim\AppData\Local\Temp\ccZJVTEe.s 			page 12


 402 0078 08       		.byte	0x8
 403 0079 07       		.byte	0x7
 404 007a 42020000 		.4byte	.LASF10
 405 007e 04       		.uleb128 0x4
 406 007f 04       		.byte	0x4
 407 0080 05       		.byte	0x5
 408 0081 696E7400 		.ascii	"int\000"
 409 0085 02       		.uleb128 0x2
 410 0086 04       		.byte	0x4
 411 0087 07       		.byte	0x7
 412 0088 83020000 		.4byte	.LASF11
 413 008c 03       		.uleb128 0x3
 414 008d F2000000 		.4byte	.LASF12
 415 0091 03       		.byte	0x3
 416 0092 18       		.byte	0x18
 417 0093 33000000 		.4byte	0x33
 418 0097 03       		.uleb128 0x3
 419 0098 3A020000 		.4byte	.LASF13
 420 009c 03       		.byte	0x3
 421 009d 2C       		.byte	0x2c
 422 009e 4C000000 		.4byte	0x4c
 423 00a2 03       		.uleb128 0x3
 424 00a3 66020000 		.4byte	.LASF14
 425 00a7 03       		.byte	0x3
 426 00a8 30       		.byte	0x30
 427 00a9 5E000000 		.4byte	0x5e
 428 00ad 02       		.uleb128 0x2
 429 00ae 04       		.byte	0x4
 430 00af 04       		.byte	0x4
 431 00b0 1F010000 		.4byte	.LASF15
 432 00b4 02       		.uleb128 0x2
 433 00b5 08       		.byte	0x8
 434 00b6 04       		.byte	0x4
 435 00b7 32030000 		.4byte	.LASF16
 436 00bb 02       		.uleb128 0x2
 437 00bc 01       		.byte	0x1
 438 00bd 08       		.byte	0x8
 439 00be B4020000 		.4byte	.LASF17
 440 00c2 02       		.uleb128 0x2
 441 00c3 08       		.byte	0x8
 442 00c4 04       		.byte	0x4
 443 00c5 F5010000 		.4byte	.LASF18
 444 00c9 02       		.uleb128 0x2
 445 00ca 04       		.byte	0x4
 446 00cb 07       		.byte	0x7
 447 00cc 6B000000 		.4byte	.LASF19
 448 00d0 05       		.uleb128 0x5
 449 00d1 01       		.byte	0x1
 450 00d2 25000000 		.4byte	0x25
 451 00d6 04       		.byte	0x4
 452 00d7 14       		.byte	0x14
 453 00d8 FB000000 		.4byte	0xfb
 454 00dc 06       		.uleb128 0x6
 455 00dd 33010000 		.4byte	.LASF20
 456 00e1 00       		.byte	0
 457 00e2 06       		.uleb128 0x6
 458 00e3 64010000 		.4byte	.LASF21
ARM GAS  C:\Users\abhim\AppData\Local\Temp\ccZJVTEe.s 			page 13


 459 00e7 01       		.byte	0x1
 460 00e8 06       		.uleb128 0x6
 461 00e9 12010000 		.4byte	.LASF22
 462 00ed 02       		.byte	0x2
 463 00ee 06       		.uleb128 0x6
 464 00ef 74000000 		.4byte	.LASF23
 465 00f3 03       		.byte	0x3
 466 00f4 06       		.uleb128 0x6
 467 00f5 F9020000 		.4byte	.LASF24
 468 00f9 04       		.byte	0x4
 469 00fa 00       		.byte	0
 470 00fb 03       		.uleb128 0x3
 471 00fc A8020000 		.4byte	.LASF25
 472 0100 04       		.byte	0x4
 473 0101 1A       		.byte	0x1a
 474 0102 D0000000 		.4byte	0xd0
 475 0106 03       		.uleb128 0x3
 476 0107 36000000 		.4byte	.LASF26
 477 010b 04       		.byte	0x4
 478 010c 1D       		.byte	0x1d
 479 010d 11010000 		.4byte	0x111
 480 0111 07       		.uleb128 0x7
 481 0112 04       		.byte	0x4
 482 0113 17010000 		.4byte	0x117
 483 0117 08       		.uleb128 0x8
 484 0118 22010000 		.4byte	0x122
 485 011c 09       		.uleb128 0x9
 486 011d 8C000000 		.4byte	0x8c
 487 0121 00       		.byte	0
 488 0122 05       		.uleb128 0x5
 489 0123 01       		.byte	0x1
 490 0124 25000000 		.4byte	0x25
 491 0128 04       		.byte	0x4
 492 0129 1F       		.byte	0x1f
 493 012a 4D010000 		.4byte	0x14d
 494 012e 06       		.uleb128 0x6
 495 012f 54030000 		.4byte	.LASF27
 496 0133 00       		.byte	0
 497 0134 06       		.uleb128 0x6
 498 0135 E4010000 		.4byte	.LASF28
 499 0139 01       		.byte	0x1
 500 013a 06       		.uleb128 0x6
 501 013b 23020000 		.4byte	.LASF29
 502 013f 02       		.byte	0x2
 503 0140 06       		.uleb128 0x6
 504 0141 44010000 		.4byte	.LASF30
 505 0145 03       		.byte	0x3
 506 0146 06       		.uleb128 0x6
 507 0147 59020000 		.4byte	.LASF31
 508 014b 04       		.byte	0x4
 509 014c 00       		.byte	0
 510 014d 03       		.uleb128 0x3
 511 014e 23000000 		.4byte	.LASF32
 512 0152 04       		.byte	0x4
 513 0153 25       		.byte	0x25
 514 0154 22010000 		.4byte	0x122
 515 0158 0A       		.uleb128 0xa
ARM GAS  C:\Users\abhim\AppData\Local\Temp\ccZJVTEe.s 			page 14


 516 0159 40       		.byte	0x40
 517 015a 04       		.byte	0x4
 518 015b 27       		.byte	0x27
 519 015c E5010000 		.4byte	0x1e5
 520 0160 0B       		.uleb128 0xb
 521 0161 F0010000 		.4byte	.LASF33
 522 0165 04       		.byte	0x4
 523 0166 28       		.byte	0x28
 524 0167 E5010000 		.4byte	0x1e5
 525 016b 00       		.byte	0
 526 016c 0B       		.uleb128 0xb
 527 016d B7000000 		.4byte	.LASF34
 528 0171 04       		.byte	0x4
 529 0172 29       		.byte	0x29
 530 0173 FB000000 		.4byte	0xfb
 531 0177 20       		.byte	0x20
 532 0178 0C       		.uleb128 0xc
 533 0179 70696E00 		.ascii	"pin\000"
 534 017d 04       		.byte	0x4
 535 017e 2A       		.byte	0x2a
 536 017f 8C000000 		.4byte	0x8c
 537 0183 21       		.byte	0x21
 538 0184 0B       		.uleb128 0xb
 539 0185 30000000 		.4byte	.LASF35
 540 0189 04       		.byte	0x4
 541 018a 2B       		.byte	0x2b
 542 018b 4D010000 		.4byte	0x14d
 543 018f 22       		.byte	0x22
 544 0190 0B       		.uleb128 0xb
 545 0191 28030000 		.4byte	.LASF36
 546 0195 04       		.byte	0x4
 547 0196 2C       		.byte	0x2c
 548 0197 A2000000 		.4byte	0xa2
 549 019b 24       		.byte	0x24
 550 019c 0B       		.uleb128 0xb
 551 019d 0E030000 		.4byte	.LASF37
 552 01a1 04       		.byte	0x4
 553 01a2 2D       		.byte	0x2d
 554 01a3 A2000000 		.4byte	0xa2
 555 01a7 28       		.byte	0x28
 556 01a8 0B       		.uleb128 0xb
 557 01a9 59010000 		.4byte	.LASF38
 558 01ad 04       		.byte	0x4
 559 01ae 2E       		.byte	0x2e
 560 01af 06010000 		.4byte	0x106
 561 01b3 2C       		.byte	0x2c
 562 01b4 0B       		.uleb128 0xb
 563 01b5 D9020000 		.4byte	.LASF39
 564 01b9 04       		.byte	0x4
 565 01ba 2F       		.byte	0x2f
 566 01bb A2000000 		.4byte	0xa2
 567 01bf 30       		.byte	0x30
 568 01c0 0B       		.uleb128 0xb
 569 01c1 B9020000 		.4byte	.LASF40
 570 01c5 04       		.byte	0x4
 571 01c6 30       		.byte	0x30
 572 01c7 AD000000 		.4byte	0xad
ARM GAS  C:\Users\abhim\AppData\Local\Temp\ccZJVTEe.s 			page 15


 573 01cb 34       		.byte	0x34
 574 01cc 0B       		.uleb128 0xb
 575 01cd 65030000 		.4byte	.LASF41
 576 01d1 04       		.byte	0x4
 577 01d2 31       		.byte	0x31
 578 01d3 A2000000 		.4byte	0xa2
 579 01d7 38       		.byte	0x38
 580 01d8 0B       		.uleb128 0xb
 581 01d9 69040000 		.4byte	.LASF42
 582 01dd 04       		.byte	0x4
 583 01de 32       		.byte	0x32
 584 01df F5010000 		.4byte	0x1f5
 585 01e3 3C       		.byte	0x3c
 586 01e4 00       		.byte	0
 587 01e5 0D       		.uleb128 0xd
 588 01e6 BB000000 		.4byte	0xbb
 589 01ea F5010000 		.4byte	0x1f5
 590 01ee 0E       		.uleb128 0xe
 591 01ef C9000000 		.4byte	0xc9
 592 01f3 1F       		.byte	0x1f
 593 01f4 00       		.byte	0
 594 01f5 02       		.uleb128 0x2
 595 01f6 01       		.byte	0x1
 596 01f7 02       		.byte	0x2
 597 01f8 D3020000 		.4byte	.LASF43
 598 01fc 03       		.uleb128 0x3
 599 01fd 96000000 		.4byte	.LASF44
 600 0201 04       		.byte	0x4
 601 0202 33       		.byte	0x33
 602 0203 58010000 		.4byte	0x158
 603 0207 0F       		.uleb128 0xf
 604 0208 A7000000 		.4byte	.LASF70
 605 020c 01       		.byte	0x1
 606 020d 59       		.byte	0x59
 607 020e 7E000000 		.4byte	0x7e
 608 0212 00000000 		.4byte	.LFB65
 609 0216 EC000000 		.4byte	.LFE65-.LFB65
 610 021a 01       		.uleb128 0x1
 611 021b 9C       		.byte	0x9c
 612 021c EF040000 		.4byte	0x4ef
 613 0220 10       		.uleb128 0x10
 614 0221 4D000000 		.4byte	.LASF45
 615 0225 01       		.byte	0x1
 616 0226 69       		.byte	0x69
 617 0227 FC010000 		.4byte	0x1fc
 618 022b 03       		.uleb128 0x3
 619 022c 91       		.byte	0x91
 620 022d B87F     		.sleb128 -72
 621 022f 10       		.uleb128 0x10
 622 0230 8E040000 		.4byte	.LASF46
 623 0234 01       		.byte	0x1
 624 0235 6A       		.byte	0x6a
 625 0236 FC010000 		.4byte	0x1fc
 626 023a 03       		.uleb128 0x3
 627 023b 91       		.byte	0x91
 628 023c F87E     		.sleb128 -136
 629 023e 10       		.uleb128 0x10
ARM GAS  C:\Users\abhim\AppData\Local\Temp\ccZJVTEe.s 			page 16


 630 023f 85000000 		.4byte	.LASF47
 631 0243 01       		.byte	0x1
 632 0244 6B       		.byte	0x6b
 633 0245 FC010000 		.4byte	0x1fc
 634 0249 03       		.uleb128 0x3
 635 024a 91       		.byte	0x91
 636 024b B87E     		.sleb128 -200
 637 024d 10       		.uleb128 0x10
 638 024e 0F020000 		.4byte	.LASF48
 639 0252 01       		.byte	0x1
 640 0253 6C       		.byte	0x6c
 641 0254 FC010000 		.4byte	0x1fc
 642 0258 03       		.uleb128 0x3
 643 0259 91       		.byte	0x91
 644 025a F87D     		.sleb128 -264
 645 025c 10       		.uleb128 0x10
 646 025d C6020000 		.4byte	.LASF49
 647 0261 01       		.byte	0x1
 648 0262 6D       		.byte	0x6d
 649 0263 FC010000 		.4byte	0x1fc
 650 0267 03       		.uleb128 0x3
 651 0268 91       		.byte	0x91
 652 0269 B87D     		.sleb128 -328
 653 026b 11       		.uleb128 0x11
 654 026c 0A000000 		.4byte	.LVL0
 655 0270 94060000 		.4byte	0x694
 656 0274 11       		.uleb128 0x11
 657 0275 0E000000 		.4byte	.LVL1
 658 0279 9F060000 		.4byte	0x69f
 659 027d 12       		.uleb128 0x12
 660 027e 1A000000 		.4byte	.LVL2
 661 0282 AA060000 		.4byte	0x6aa
 662 0286 A5020000 		.4byte	0x2a5
 663 028a 13       		.uleb128 0x13
 664 028b 01       		.uleb128 0x1
 665 028c 50       		.byte	0x50
 666 028d 03       		.uleb128 0x3
 667 028e 91       		.byte	0x91
 668 028f B87E     		.sleb128 -200
 669 0291 13       		.uleb128 0x13
 670 0292 01       		.uleb128 0x1
 671 0293 51       		.byte	0x51
 672 0294 01       		.uleb128 0x1
 673 0295 32       		.byte	0x32
 674 0296 13       		.uleb128 0x13
 675 0297 01       		.uleb128 0x1
 676 0298 52       		.byte	0x52
 677 0299 01       		.uleb128 0x1
 678 029a 34       		.byte	0x34
 679 029b 13       		.uleb128 0x13
 680 029c 01       		.uleb128 0x1
 681 029d 53       		.byte	0x53
 682 029e 05       		.uleb128 0x5
 683 029f 03       		.byte	0x3
 684 02a0 00000000 		.4byte	.LC0
 685 02a4 00       		.byte	0
 686 02a5 12       		.uleb128 0x12
ARM GAS  C:\Users\abhim\AppData\Local\Temp\ccZJVTEe.s 			page 17


 687 02a6 26000000 		.4byte	.LVL3
 688 02aa AA060000 		.4byte	0x6aa
 689 02ae CD020000 		.4byte	0x2cd
 690 02b2 13       		.uleb128 0x13
 691 02b3 01       		.uleb128 0x1
 692 02b4 50       		.byte	0x50
 693 02b5 03       		.uleb128 0x3
 694 02b6 91       		.byte	0x91
 695 02b7 F87D     		.sleb128 -264
 696 02b9 13       		.uleb128 0x13
 697 02ba 01       		.uleb128 0x1
 698 02bb 51       		.byte	0x51
 699 02bc 01       		.uleb128 0x1
 700 02bd 33       		.byte	0x33
 701 02be 13       		.uleb128 0x13
 702 02bf 01       		.uleb128 0x1
 703 02c0 52       		.byte	0x52
 704 02c1 01       		.uleb128 0x1
 705 02c2 30       		.byte	0x30
 706 02c3 13       		.uleb128 0x13
 707 02c4 01       		.uleb128 0x1
 708 02c5 53       		.byte	0x53
 709 02c6 05       		.uleb128 0x5
 710 02c7 03       		.byte	0x3
 711 02c8 10000000 		.4byte	.LC1
 712 02cc 00       		.byte	0
 713 02cd 12       		.uleb128 0x12
 714 02ce 32000000 		.4byte	.LVL4
 715 02d2 AA060000 		.4byte	0x6aa
 716 02d6 F5020000 		.4byte	0x2f5
 717 02da 13       		.uleb128 0x13
 718 02db 01       		.uleb128 0x1
 719 02dc 50       		.byte	0x50
 720 02dd 03       		.uleb128 0x3
 721 02de 91       		.byte	0x91
 722 02df B87F     		.sleb128 -72
 723 02e1 13       		.uleb128 0x13
 724 02e2 01       		.uleb128 0x1
 725 02e3 51       		.byte	0x51
 726 02e4 01       		.uleb128 0x1
 727 02e5 30       		.byte	0x30
 728 02e6 13       		.uleb128 0x13
 729 02e7 01       		.uleb128 0x1
 730 02e8 52       		.byte	0x52
 731 02e9 01       		.uleb128 0x1
 732 02ea 34       		.byte	0x34
 733 02eb 13       		.uleb128 0x13
 734 02ec 01       		.uleb128 0x1
 735 02ed 53       		.byte	0x53
 736 02ee 05       		.uleb128 0x5
 737 02ef 03       		.byte	0x3
 738 02f0 2C000000 		.4byte	.LC2
 739 02f4 00       		.byte	0
 740 02f5 12       		.uleb128 0x12
 741 02f6 3E000000 		.4byte	.LVL5
 742 02fa AA060000 		.4byte	0x6aa
 743 02fe 1D030000 		.4byte	0x31d
ARM GAS  C:\Users\abhim\AppData\Local\Temp\ccZJVTEe.s 			page 18


 744 0302 13       		.uleb128 0x13
 745 0303 01       		.uleb128 0x1
 746 0304 50       		.byte	0x50
 747 0305 03       		.uleb128 0x3
 748 0306 91       		.byte	0x91
 749 0307 F87E     		.sleb128 -136
 750 0309 13       		.uleb128 0x13
 751 030a 01       		.uleb128 0x1
 752 030b 51       		.byte	0x51
 753 030c 01       		.uleb128 0x1
 754 030d 31       		.byte	0x31
 755 030e 13       		.uleb128 0x13
 756 030f 01       		.uleb128 0x1
 757 0310 52       		.byte	0x52
 758 0311 01       		.uleb128 0x1
 759 0312 31       		.byte	0x31
 760 0313 13       		.uleb128 0x13
 761 0314 01       		.uleb128 0x1
 762 0315 53       		.byte	0x53
 763 0316 05       		.uleb128 0x5
 764 0317 03       		.byte	0x3
 765 0318 40000000 		.4byte	.LC3
 766 031c 00       		.byte	0
 767 031d 12       		.uleb128 0x12
 768 031e 4A000000 		.4byte	.LVL6
 769 0322 AA060000 		.4byte	0x6aa
 770 0326 44030000 		.4byte	0x344
 771 032a 13       		.uleb128 0x13
 772 032b 01       		.uleb128 0x1
 773 032c 50       		.byte	0x50
 774 032d 02       		.uleb128 0x2
 775 032e 7D       		.byte	0x7d
 776 032f 00       		.sleb128 0
 777 0330 13       		.uleb128 0x13
 778 0331 01       		.uleb128 0x1
 779 0332 51       		.byte	0x51
 780 0333 01       		.uleb128 0x1
 781 0334 34       		.byte	0x34
 782 0335 13       		.uleb128 0x13
 783 0336 01       		.uleb128 0x1
 784 0337 52       		.byte	0x52
 785 0338 01       		.uleb128 0x1
 786 0339 32       		.byte	0x32
 787 033a 13       		.uleb128 0x13
 788 033b 01       		.uleb128 0x1
 789 033c 53       		.byte	0x53
 790 033d 05       		.uleb128 0x5
 791 033e 03       		.byte	0x3
 792 033f 60000000 		.4byte	.LC4
 793 0343 00       		.byte	0
 794 0344 12       		.uleb128 0x12
 795 0345 50000000 		.4byte	.LVL7
 796 0349 B5060000 		.4byte	0x6b5
 797 034d 59030000 		.4byte	0x359
 798 0351 13       		.uleb128 0x13
 799 0352 01       		.uleb128 0x1
 800 0353 50       		.byte	0x50
ARM GAS  C:\Users\abhim\AppData\Local\Temp\ccZJVTEe.s 			page 19


 801 0354 03       		.uleb128 0x3
 802 0355 91       		.byte	0x91
 803 0356 B87E     		.sleb128 -200
 804 0358 00       		.byte	0
 805 0359 12       		.uleb128 0x12
 806 035a 58000000 		.4byte	.LVL8
 807 035e C0060000 		.4byte	0x6c0
 808 0362 6E030000 		.4byte	0x36e
 809 0366 13       		.uleb128 0x13
 810 0367 01       		.uleb128 0x1
 811 0368 50       		.byte	0x50
 812 0369 03       		.uleb128 0x3
 813 036a 0A       		.byte	0xa
 814 036b E803     		.2byte	0x3e8
 815 036d 00       		.byte	0
 816 036e 12       		.uleb128 0x12
 817 036f 5E000000 		.4byte	.LVL9
 818 0373 CB060000 		.4byte	0x6cb
 819 0377 83030000 		.4byte	0x383
 820 037b 13       		.uleb128 0x13
 821 037c 01       		.uleb128 0x1
 822 037d 50       		.byte	0x50
 823 037e 03       		.uleb128 0x3
 824 037f 91       		.byte	0x91
 825 0380 B87E     		.sleb128 -200
 826 0382 00       		.byte	0
 827 0383 12       		.uleb128 0x12
 828 0384 64000000 		.4byte	.LVL10
 829 0388 D6060000 		.4byte	0x6d6
 830 038c 98030000 		.4byte	0x398
 831 0390 13       		.uleb128 0x13
 832 0391 01       		.uleb128 0x1
 833 0392 50       		.byte	0x50
 834 0393 03       		.uleb128 0x3
 835 0394 91       		.byte	0x91
 836 0395 B87E     		.sleb128 -200
 837 0397 00       		.byte	0
 838 0398 12       		.uleb128 0x12
 839 0399 6A000000 		.4byte	.LVL11
 840 039d B5060000 		.4byte	0x6b5
 841 03a1 AD030000 		.4byte	0x3ad
 842 03a5 13       		.uleb128 0x13
 843 03a6 01       		.uleb128 0x1
 844 03a7 50       		.byte	0x50
 845 03a8 03       		.uleb128 0x3
 846 03a9 91       		.byte	0x91
 847 03aa F87D     		.sleb128 -264
 848 03ac 00       		.byte	0
 849 03ad 12       		.uleb128 0x12
 850 03ae 72000000 		.4byte	.LVL12
 851 03b2 C0060000 		.4byte	0x6c0
 852 03b6 C2030000 		.4byte	0x3c2
 853 03ba 13       		.uleb128 0x13
 854 03bb 01       		.uleb128 0x1
 855 03bc 50       		.byte	0x50
 856 03bd 03       		.uleb128 0x3
 857 03be 0A       		.byte	0xa
ARM GAS  C:\Users\abhim\AppData\Local\Temp\ccZJVTEe.s 			page 20


 858 03bf E803     		.2byte	0x3e8
 859 03c1 00       		.byte	0
 860 03c2 12       		.uleb128 0x12
 861 03c3 78000000 		.4byte	.LVL13
 862 03c7 CB060000 		.4byte	0x6cb
 863 03cb D7030000 		.4byte	0x3d7
 864 03cf 13       		.uleb128 0x13
 865 03d0 01       		.uleb128 0x1
 866 03d1 50       		.byte	0x50
 867 03d2 03       		.uleb128 0x3
 868 03d3 91       		.byte	0x91
 869 03d4 F87D     		.sleb128 -264
 870 03d6 00       		.byte	0
 871 03d7 12       		.uleb128 0x12
 872 03d8 7E000000 		.4byte	.LVL14
 873 03dc D6060000 		.4byte	0x6d6
 874 03e0 EC030000 		.4byte	0x3ec
 875 03e4 13       		.uleb128 0x13
 876 03e5 01       		.uleb128 0x1
 877 03e6 50       		.byte	0x50
 878 03e7 03       		.uleb128 0x3
 879 03e8 91       		.byte	0x91
 880 03e9 F87D     		.sleb128 -264
 881 03eb 00       		.byte	0
 882 03ec 12       		.uleb128 0x12
 883 03ed 84000000 		.4byte	.LVL15
 884 03f1 B5060000 		.4byte	0x6b5
 885 03f5 01040000 		.4byte	0x401
 886 03f9 13       		.uleb128 0x13
 887 03fa 01       		.uleb128 0x1
 888 03fb 50       		.byte	0x50
 889 03fc 03       		.uleb128 0x3
 890 03fd 91       		.byte	0x91
 891 03fe B87F     		.sleb128 -72
 892 0400 00       		.byte	0
 893 0401 12       		.uleb128 0x12
 894 0402 8C000000 		.4byte	.LVL16
 895 0406 C0060000 		.4byte	0x6c0
 896 040a 16040000 		.4byte	0x416
 897 040e 13       		.uleb128 0x13
 898 040f 01       		.uleb128 0x1
 899 0410 50       		.byte	0x50
 900 0411 03       		.uleb128 0x3
 901 0412 0A       		.byte	0xa
 902 0413 E803     		.2byte	0x3e8
 903 0415 00       		.byte	0
 904 0416 12       		.uleb128 0x12
 905 0417 92000000 		.4byte	.LVL17
 906 041b CB060000 		.4byte	0x6cb
 907 041f 2B040000 		.4byte	0x42b
 908 0423 13       		.uleb128 0x13
 909 0424 01       		.uleb128 0x1
 910 0425 50       		.byte	0x50
 911 0426 03       		.uleb128 0x3
 912 0427 91       		.byte	0x91
 913 0428 B87F     		.sleb128 -72
 914 042a 00       		.byte	0
ARM GAS  C:\Users\abhim\AppData\Local\Temp\ccZJVTEe.s 			page 21


 915 042b 12       		.uleb128 0x12
 916 042c 98000000 		.4byte	.LVL18
 917 0430 D6060000 		.4byte	0x6d6
 918 0434 40040000 		.4byte	0x440
 919 0438 13       		.uleb128 0x13
 920 0439 01       		.uleb128 0x1
 921 043a 50       		.byte	0x50
 922 043b 03       		.uleb128 0x3
 923 043c 91       		.byte	0x91
 924 043d B87F     		.sleb128 -72
 925 043f 00       		.byte	0
 926 0440 12       		.uleb128 0x12
 927 0441 9E000000 		.4byte	.LVL19
 928 0445 B5060000 		.4byte	0x6b5
 929 0449 55040000 		.4byte	0x455
 930 044d 13       		.uleb128 0x13
 931 044e 01       		.uleb128 0x1
 932 044f 50       		.byte	0x50
 933 0450 03       		.uleb128 0x3
 934 0451 91       		.byte	0x91
 935 0452 F87E     		.sleb128 -136
 936 0454 00       		.byte	0
 937 0455 12       		.uleb128 0x12
 938 0456 A6000000 		.4byte	.LVL20
 939 045a C0060000 		.4byte	0x6c0
 940 045e 6A040000 		.4byte	0x46a
 941 0462 13       		.uleb128 0x13
 942 0463 01       		.uleb128 0x1
 943 0464 50       		.byte	0x50
 944 0465 03       		.uleb128 0x3
 945 0466 0A       		.byte	0xa
 946 0467 E803     		.2byte	0x3e8
 947 0469 00       		.byte	0
 948 046a 12       		.uleb128 0x12
 949 046b AC000000 		.4byte	.LVL21
 950 046f CB060000 		.4byte	0x6cb
 951 0473 7F040000 		.4byte	0x47f
 952 0477 13       		.uleb128 0x13
 953 0478 01       		.uleb128 0x1
 954 0479 50       		.byte	0x50
 955 047a 03       		.uleb128 0x3
 956 047b 91       		.byte	0x91
 957 047c F87E     		.sleb128 -136
 958 047e 00       		.byte	0
 959 047f 12       		.uleb128 0x12
 960 0480 B2000000 		.4byte	.LVL22
 961 0484 D6060000 		.4byte	0x6d6
 962 0488 94040000 		.4byte	0x494
 963 048c 13       		.uleb128 0x13
 964 048d 01       		.uleb128 0x1
 965 048e 50       		.byte	0x50
 966 048f 03       		.uleb128 0x3
 967 0490 91       		.byte	0x91
 968 0491 F87E     		.sleb128 -136
 969 0493 00       		.byte	0
 970 0494 12       		.uleb128 0x12
 971 0495 B8000000 		.4byte	.LVL23
ARM GAS  C:\Users\abhim\AppData\Local\Temp\ccZJVTEe.s 			page 22


 972 0499 B5060000 		.4byte	0x6b5
 973 049d A8040000 		.4byte	0x4a8
 974 04a1 13       		.uleb128 0x13
 975 04a2 01       		.uleb128 0x1
 976 04a3 50       		.byte	0x50
 977 04a4 02       		.uleb128 0x2
 978 04a5 7D       		.byte	0x7d
 979 04a6 00       		.sleb128 0
 980 04a7 00       		.byte	0
 981 04a8 12       		.uleb128 0x12
 982 04a9 C0000000 		.4byte	.LVL24
 983 04ad C0060000 		.4byte	0x6c0
 984 04b1 BD040000 		.4byte	0x4bd
 985 04b5 13       		.uleb128 0x13
 986 04b6 01       		.uleb128 0x1
 987 04b7 50       		.byte	0x50
 988 04b8 03       		.uleb128 0x3
 989 04b9 0A       		.byte	0xa
 990 04ba E803     		.2byte	0x3e8
 991 04bc 00       		.byte	0
 992 04bd 12       		.uleb128 0x12
 993 04be C6000000 		.4byte	.LVL25
 994 04c2 CB060000 		.4byte	0x6cb
 995 04c6 D1040000 		.4byte	0x4d1
 996 04ca 13       		.uleb128 0x13
 997 04cb 01       		.uleb128 0x1
 998 04cc 50       		.byte	0x50
 999 04cd 02       		.uleb128 0x2
 1000 04ce 7D       		.byte	0x7d
 1001 04cf 00       		.sleb128 0
 1002 04d0 00       		.byte	0
 1003 04d1 12       		.uleb128 0x12
 1004 04d2 CC000000 		.4byte	.LVL26
 1005 04d6 D6060000 		.4byte	0x6d6
 1006 04da E5040000 		.4byte	0x4e5
 1007 04de 13       		.uleb128 0x13
 1008 04df 01       		.uleb128 0x1
 1009 04e0 50       		.byte	0x50
 1010 04e1 02       		.uleb128 0x2
 1011 04e2 7D       		.byte	0x7d
 1012 04e3 00       		.sleb128 0
 1013 04e4 00       		.byte	0
 1014 04e5 11       		.uleb128 0x11
 1015 04e6 D0000000 		.4byte	.LVL27
 1016 04ea E1060000 		.4byte	0x6e1
 1017 04ee 00       		.byte	0
 1018 04ef 14       		.uleb128 0x14
 1019 04f0 BC000000 		.4byte	.LASF50
 1020 04f4 01       		.byte	0x1
 1021 04f5 B7       		.byte	0xb7
 1022 04f6 00000000 		.4byte	.LFB66
 1023 04fa 44000000 		.4byte	.LFE66-.LFB66
 1024 04fe 01       		.uleb128 0x1
 1025 04ff 9C       		.byte	0x9c
 1026 0500 AE050000 		.4byte	0x5ae
 1027 0504 10       		.uleb128 0x10
 1028 0505 85000000 		.4byte	.LASF47
ARM GAS  C:\Users\abhim\AppData\Local\Temp\ccZJVTEe.s 			page 23


 1029 0509 01       		.byte	0x1
 1030 050a BC       		.byte	0xbc
 1031 050b FC010000 		.4byte	0x1fc
 1032 050f 03       		.uleb128 0x3
 1033 0510 91       		.byte	0x91
 1034 0511 B87F     		.sleb128 -72
 1035 0513 12       		.uleb128 0x12
 1036 0514 0A000000 		.4byte	.LVL28
 1037 0518 EC060000 		.4byte	0x6ec
 1038 051c 27050000 		.4byte	0x527
 1039 0520 13       		.uleb128 0x13
 1040 0521 01       		.uleb128 0x1
 1041 0522 50       		.byte	0x50
 1042 0523 02       		.uleb128 0x2
 1043 0524 08       		.byte	0x8
 1044 0525 41       		.byte	0x41
 1045 0526 00       		.byte	0
 1046 0527 11       		.uleb128 0x11
 1047 0528 0E000000 		.4byte	.LVL29
 1048 052c F7060000 		.4byte	0x6f7
 1049 0530 11       		.uleb128 0x11
 1050 0531 12000000 		.4byte	.LVL30
 1051 0535 02070000 		.4byte	0x702
 1052 0539 12       		.uleb128 0x12
 1053 053a 1E000000 		.4byte	.LVL31
 1054 053e AA060000 		.4byte	0x6aa
 1055 0542 60050000 		.4byte	0x560
 1056 0546 13       		.uleb128 0x13
 1057 0547 01       		.uleb128 0x1
 1058 0548 50       		.byte	0x50
 1059 0549 02       		.uleb128 0x2
 1060 054a 7D       		.byte	0x7d
 1061 054b 00       		.sleb128 0
 1062 054c 13       		.uleb128 0x13
 1063 054d 01       		.uleb128 0x1
 1064 054e 51       		.byte	0x51
 1065 054f 01       		.uleb128 0x1
 1066 0550 32       		.byte	0x32
 1067 0551 13       		.uleb128 0x13
 1068 0552 01       		.uleb128 0x1
 1069 0553 52       		.byte	0x52
 1070 0554 01       		.uleb128 0x1
 1071 0555 34       		.byte	0x34
 1072 0556 13       		.uleb128 0x13
 1073 0557 01       		.uleb128 0x1
 1074 0558 53       		.byte	0x53
 1075 0559 05       		.uleb128 0x5
 1076 055a 03       		.byte	0x3
 1077 055b 00000000 		.4byte	.LC0
 1078 055f 00       		.byte	0
 1079 0560 12       		.uleb128 0x12
 1080 0561 24000000 		.4byte	.LVL32
 1081 0565 B5060000 		.4byte	0x6b5
 1082 0569 74050000 		.4byte	0x574
 1083 056d 13       		.uleb128 0x13
 1084 056e 01       		.uleb128 0x1
 1085 056f 50       		.byte	0x50
ARM GAS  C:\Users\abhim\AppData\Local\Temp\ccZJVTEe.s 			page 24


 1086 0570 02       		.uleb128 0x2
 1087 0571 7D       		.byte	0x7d
 1088 0572 00       		.sleb128 0
 1089 0573 00       		.byte	0
 1090 0574 12       		.uleb128 0x12
 1091 0575 2C000000 		.4byte	.LVL33
 1092 0579 C0060000 		.4byte	0x6c0
 1093 057d 89050000 		.4byte	0x589
 1094 0581 13       		.uleb128 0x13
 1095 0582 01       		.uleb128 0x1
 1096 0583 50       		.byte	0x50
 1097 0584 03       		.uleb128 0x3
 1098 0585 0A       		.byte	0xa
 1099 0586 8813     		.2byte	0x1388
 1100 0588 00       		.byte	0
 1101 0589 12       		.uleb128 0x12
 1102 058a 32000000 		.4byte	.LVL34
 1103 058e CB060000 		.4byte	0x6cb
 1104 0592 9D050000 		.4byte	0x59d
 1105 0596 13       		.uleb128 0x13
 1106 0597 01       		.uleb128 0x1
 1107 0598 50       		.byte	0x50
 1108 0599 02       		.uleb128 0x2
 1109 059a 7D       		.byte	0x7d
 1110 059b 00       		.sleb128 0
 1111 059c 00       		.byte	0
 1112 059d 15       		.uleb128 0x15
 1113 059e 38000000 		.4byte	.LVL35
 1114 05a2 D6060000 		.4byte	0x6d6
 1115 05a6 13       		.uleb128 0x13
 1116 05a7 01       		.uleb128 0x1
 1117 05a8 50       		.byte	0x50
 1118 05a9 02       		.uleb128 0x2
 1119 05aa 7D       		.byte	0x7d
 1120 05ab 00       		.sleb128 0
 1121 05ac 00       		.byte	0
 1122 05ad 00       		.byte	0
 1123 05ae 14       		.uleb128 0x14
 1124 05af D7000000 		.4byte	.LASF51
 1125 05b3 01       		.byte	0x1
 1126 05b4 C5       		.byte	0xc5
 1127 05b5 00000000 		.4byte	.LFB67
 1128 05b9 44000000 		.4byte	.LFE67-.LFB67
 1129 05bd 01       		.uleb128 0x1
 1130 05be 9C       		.byte	0x9c
 1131 05bf 6D060000 		.4byte	0x66d
 1132 05c3 10       		.uleb128 0x10
 1133 05c4 85000000 		.4byte	.LASF47
 1134 05c8 01       		.byte	0x1
 1135 05c9 CA       		.byte	0xca
 1136 05ca FC010000 		.4byte	0x1fc
 1137 05ce 03       		.uleb128 0x3
 1138 05cf 91       		.byte	0x91
 1139 05d0 B87F     		.sleb128 -72
 1140 05d2 12       		.uleb128 0x12
 1141 05d3 0A000000 		.4byte	.LVL36
 1142 05d7 EC060000 		.4byte	0x6ec
ARM GAS  C:\Users\abhim\AppData\Local\Temp\ccZJVTEe.s 			page 25


 1143 05db E6050000 		.4byte	0x5e6
 1144 05df 13       		.uleb128 0x13
 1145 05e0 01       		.uleb128 0x1
 1146 05e1 50       		.byte	0x50
 1147 05e2 02       		.uleb128 0x2
 1148 05e3 08       		.byte	0x8
 1149 05e4 42       		.byte	0x42
 1150 05e5 00       		.byte	0
 1151 05e6 11       		.uleb128 0x11
 1152 05e7 0E000000 		.4byte	.LVL37
 1153 05eb 0D070000 		.4byte	0x70d
 1154 05ef 11       		.uleb128 0x11
 1155 05f0 12000000 		.4byte	.LVL38
 1156 05f4 18070000 		.4byte	0x718
 1157 05f8 12       		.uleb128 0x12
 1158 05f9 1E000000 		.4byte	.LVL39
 1159 05fd AA060000 		.4byte	0x6aa
 1160 0601 1F060000 		.4byte	0x61f
 1161 0605 13       		.uleb128 0x13
 1162 0606 01       		.uleb128 0x1
 1163 0607 50       		.byte	0x50
 1164 0608 02       		.uleb128 0x2
 1165 0609 7D       		.byte	0x7d
 1166 060a 00       		.sleb128 0
 1167 060b 13       		.uleb128 0x13
 1168 060c 01       		.uleb128 0x1
 1169 060d 51       		.byte	0x51
 1170 060e 01       		.uleb128 0x1
 1171 060f 32       		.byte	0x32
 1172 0610 13       		.uleb128 0x13
 1173 0611 01       		.uleb128 0x1
 1174 0612 52       		.byte	0x52
 1175 0613 01       		.uleb128 0x1
 1176 0614 34       		.byte	0x34
 1177 0615 13       		.uleb128 0x13
 1178 0616 01       		.uleb128 0x1
 1179 0617 53       		.byte	0x53
 1180 0618 05       		.uleb128 0x5
 1181 0619 03       		.byte	0x3
 1182 061a 00000000 		.4byte	.LC0
 1183 061e 00       		.byte	0
 1184 061f 12       		.uleb128 0x12
 1185 0620 24000000 		.4byte	.LVL40
 1186 0624 B5060000 		.4byte	0x6b5
 1187 0628 33060000 		.4byte	0x633
 1188 062c 13       		.uleb128 0x13
 1189 062d 01       		.uleb128 0x1
 1190 062e 50       		.byte	0x50
 1191 062f 02       		.uleb128 0x2
 1192 0630 7D       		.byte	0x7d
 1193 0631 00       		.sleb128 0
 1194 0632 00       		.byte	0
 1195 0633 12       		.uleb128 0x12
 1196 0634 2C000000 		.4byte	.LVL41
 1197 0638 C0060000 		.4byte	0x6c0
 1198 063c 48060000 		.4byte	0x648
 1199 0640 13       		.uleb128 0x13
ARM GAS  C:\Users\abhim\AppData\Local\Temp\ccZJVTEe.s 			page 26


 1200 0641 01       		.uleb128 0x1
 1201 0642 50       		.byte	0x50
 1202 0643 03       		.uleb128 0x3
 1203 0644 0A       		.byte	0xa
 1204 0645 8813     		.2byte	0x1388
 1205 0647 00       		.byte	0
 1206 0648 12       		.uleb128 0x12
 1207 0649 32000000 		.4byte	.LVL42
 1208 064d CB060000 		.4byte	0x6cb
 1209 0651 5C060000 		.4byte	0x65c
 1210 0655 13       		.uleb128 0x13
 1211 0656 01       		.uleb128 0x1
 1212 0657 50       		.byte	0x50
 1213 0658 02       		.uleb128 0x2
 1214 0659 7D       		.byte	0x7d
 1215 065a 00       		.sleb128 0
 1216 065b 00       		.byte	0
 1217 065c 15       		.uleb128 0x15
 1218 065d 38000000 		.4byte	.LVL43
 1219 0661 D6060000 		.4byte	0x6d6
 1220 0665 13       		.uleb128 0x13
 1221 0666 01       		.uleb128 0x1
 1222 0667 50       		.byte	0x50
 1223 0668 02       		.uleb128 0x2
 1224 0669 7D       		.byte	0x7d
 1225 066a 00       		.sleb128 0
 1226 066b 00       		.byte	0
 1227 066c 00       		.byte	0
 1228 066d 16       		.uleb128 0x16
 1229 066e C6030000 		.4byte	.LASF52
 1230 0672 05       		.byte	0x5
 1231 0673 1207     		.2byte	0x712
 1232 0675 79060000 		.4byte	0x679
 1233 0679 17       		.uleb128 0x17
 1234 067a 97000000 		.4byte	0x97
 1235 067e 18       		.uleb128 0x18
 1236 067f 90020000 		.4byte	.LASF53
 1237 0683 01       		.byte	0x1
 1238 0684 11       		.byte	0x11
 1239 0685 8F060000 		.4byte	0x68f
 1240 0689 05       		.uleb128 0x5
 1241 068a 03       		.byte	0x3
 1242 068b 00000000 		.4byte	time
 1243 068f 17       		.uleb128 0x17
 1244 0690 85000000 		.4byte	0x85
 1245 0694 19       		.uleb128 0x19
 1246 0695 00000000 		.4byte	.LASF54
 1247 0699 00000000 		.4byte	.LASF54
 1248 069d 06       		.byte	0x6
 1249 069e 54       		.byte	0x54
 1250 069f 19       		.uleb128 0x19
 1251 06a0 6F020000 		.4byte	.LASF55
 1252 06a4 6F020000 		.4byte	.LASF55
 1253 06a8 04       		.byte	0x4
 1254 06a9 44       		.byte	0x44
 1255 06aa 19       		.uleb128 0x19
 1256 06ab E3020000 		.4byte	.LASF56
ARM GAS  C:\Users\abhim\AppData\Local\Temp\ccZJVTEe.s 			page 27


 1257 06af E3020000 		.4byte	.LASF56
 1258 06b3 04       		.byte	0x4
 1259 06b4 52       		.byte	0x52
 1260 06b5 19       		.uleb128 0x19
 1261 06b6 B1030000 		.4byte	.LASF57
 1262 06ba B1030000 		.4byte	.LASF57
 1263 06be 04       		.byte	0x4
 1264 06bf 73       		.byte	0x73
 1265 06c0 19       		.uleb128 0x19
 1266 06c1 61040000 		.4byte	.LASF58
 1267 06c5 61040000 		.4byte	.LASF58
 1268 06c9 07       		.byte	0x7
 1269 06ca 76       		.byte	0x76
 1270 06cb 19       		.uleb128 0x19
 1271 06cc 0F000000 		.4byte	.LASF59
 1272 06d0 0F000000 		.4byte	.LASF59
 1273 06d4 04       		.byte	0x4
 1274 06d5 7F       		.byte	0x7f
 1275 06d6 19       		.uleb128 0x19
 1276 06d7 39030000 		.4byte	.LASF60
 1277 06db 39030000 		.4byte	.LASF60
 1278 06df 04       		.byte	0x4
 1279 06e0 5C       		.byte	0x5c
 1280 06e1 19       		.uleb128 0x19
 1281 06e2 FA000000 		.4byte	.LASF61
 1282 06e6 FA000000 		.4byte	.LASF61
 1283 06ea 04       		.byte	0x4
 1284 06eb 66       		.byte	0x66
 1285 06ec 19       		.uleb128 0x19
 1286 06ed 5A000000 		.4byte	.LASF62
 1287 06f1 5A000000 		.4byte	.LASF62
 1288 06f5 06       		.byte	0x6
 1289 06f6 8A       		.byte	0x8a
 1290 06f7 19       		.uleb128 0x19
 1291 06f8 94030000 		.4byte	.LASF63
 1292 06fc 94030000 		.4byte	.LASF63
 1293 0700 08       		.byte	0x8
 1294 0701 5E       		.byte	0x5e
 1295 0702 19       		.uleb128 0x19
 1296 0703 7A030000 		.4byte	.LASF64
 1297 0707 7A030000 		.4byte	.LASF64
 1298 070b 09       		.byte	0x9
 1299 070c 28       		.byte	0x28
 1300 070d 19       		.uleb128 0x19
 1301 070e 71040000 		.4byte	.LASF65
 1302 0712 71040000 		.4byte	.LASF65
 1303 0716 0A       		.byte	0xa
 1304 0717 5E       		.byte	0x5e
 1305 0718 19       		.uleb128 0x19
 1306 0719 CA010000 		.4byte	.LASF66
 1307 071d CA010000 		.4byte	.LASF66
 1308 0721 0B       		.byte	0xb
 1309 0722 28       		.byte	0x28
 1310 0723 00       		.byte	0
 1311              		.section	.debug_abbrev,"",%progbits
 1312              	.Ldebug_abbrev0:
 1313 0000 01       		.uleb128 0x1
ARM GAS  C:\Users\abhim\AppData\Local\Temp\ccZJVTEe.s 			page 28


 1314 0001 11       		.uleb128 0x11
 1315 0002 01       		.byte	0x1
 1316 0003 25       		.uleb128 0x25
 1317 0004 0E       		.uleb128 0xe
 1318 0005 13       		.uleb128 0x13
 1319 0006 0B       		.uleb128 0xb
 1320 0007 03       		.uleb128 0x3
 1321 0008 0E       		.uleb128 0xe
 1322 0009 1B       		.uleb128 0x1b
 1323 000a 0E       		.uleb128 0xe
 1324 000b 55       		.uleb128 0x55
 1325 000c 17       		.uleb128 0x17
 1326 000d 11       		.uleb128 0x11
 1327 000e 01       		.uleb128 0x1
 1328 000f 10       		.uleb128 0x10
 1329 0010 17       		.uleb128 0x17
 1330 0011 00       		.byte	0
 1331 0012 00       		.byte	0
 1332 0013 02       		.uleb128 0x2
 1333 0014 24       		.uleb128 0x24
 1334 0015 00       		.byte	0
 1335 0016 0B       		.uleb128 0xb
 1336 0017 0B       		.uleb128 0xb
 1337 0018 3E       		.uleb128 0x3e
 1338 0019 0B       		.uleb128 0xb
 1339 001a 03       		.uleb128 0x3
 1340 001b 0E       		.uleb128 0xe
 1341 001c 00       		.byte	0
 1342 001d 00       		.byte	0
 1343 001e 03       		.uleb128 0x3
 1344 001f 16       		.uleb128 0x16
 1345 0020 00       		.byte	0
 1346 0021 03       		.uleb128 0x3
 1347 0022 0E       		.uleb128 0xe
 1348 0023 3A       		.uleb128 0x3a
 1349 0024 0B       		.uleb128 0xb
 1350 0025 3B       		.uleb128 0x3b
 1351 0026 0B       		.uleb128 0xb
 1352 0027 49       		.uleb128 0x49
 1353 0028 13       		.uleb128 0x13
 1354 0029 00       		.byte	0
 1355 002a 00       		.byte	0
 1356 002b 04       		.uleb128 0x4
 1357 002c 24       		.uleb128 0x24
 1358 002d 00       		.byte	0
 1359 002e 0B       		.uleb128 0xb
 1360 002f 0B       		.uleb128 0xb
 1361 0030 3E       		.uleb128 0x3e
 1362 0031 0B       		.uleb128 0xb
 1363 0032 03       		.uleb128 0x3
 1364 0033 08       		.uleb128 0x8
 1365 0034 00       		.byte	0
 1366 0035 00       		.byte	0
 1367 0036 05       		.uleb128 0x5
 1368 0037 04       		.uleb128 0x4
 1369 0038 01       		.byte	0x1
 1370 0039 0B       		.uleb128 0xb
ARM GAS  C:\Users\abhim\AppData\Local\Temp\ccZJVTEe.s 			page 29


 1371 003a 0B       		.uleb128 0xb
 1372 003b 49       		.uleb128 0x49
 1373 003c 13       		.uleb128 0x13
 1374 003d 3A       		.uleb128 0x3a
 1375 003e 0B       		.uleb128 0xb
 1376 003f 3B       		.uleb128 0x3b
 1377 0040 0B       		.uleb128 0xb
 1378 0041 01       		.uleb128 0x1
 1379 0042 13       		.uleb128 0x13
 1380 0043 00       		.byte	0
 1381 0044 00       		.byte	0
 1382 0045 06       		.uleb128 0x6
 1383 0046 28       		.uleb128 0x28
 1384 0047 00       		.byte	0
 1385 0048 03       		.uleb128 0x3
 1386 0049 0E       		.uleb128 0xe
 1387 004a 1C       		.uleb128 0x1c
 1388 004b 0B       		.uleb128 0xb
 1389 004c 00       		.byte	0
 1390 004d 00       		.byte	0
 1391 004e 07       		.uleb128 0x7
 1392 004f 0F       		.uleb128 0xf
 1393 0050 00       		.byte	0
 1394 0051 0B       		.uleb128 0xb
 1395 0052 0B       		.uleb128 0xb
 1396 0053 49       		.uleb128 0x49
 1397 0054 13       		.uleb128 0x13
 1398 0055 00       		.byte	0
 1399 0056 00       		.byte	0
 1400 0057 08       		.uleb128 0x8
 1401 0058 15       		.uleb128 0x15
 1402 0059 01       		.byte	0x1
 1403 005a 27       		.uleb128 0x27
 1404 005b 19       		.uleb128 0x19
 1405 005c 01       		.uleb128 0x1
 1406 005d 13       		.uleb128 0x13
 1407 005e 00       		.byte	0
 1408 005f 00       		.byte	0
 1409 0060 09       		.uleb128 0x9
 1410 0061 05       		.uleb128 0x5
 1411 0062 00       		.byte	0
 1412 0063 49       		.uleb128 0x49
 1413 0064 13       		.uleb128 0x13
 1414 0065 00       		.byte	0
 1415 0066 00       		.byte	0
 1416 0067 0A       		.uleb128 0xa
 1417 0068 13       		.uleb128 0x13
 1418 0069 01       		.byte	0x1
 1419 006a 0B       		.uleb128 0xb
 1420 006b 0B       		.uleb128 0xb
 1421 006c 3A       		.uleb128 0x3a
 1422 006d 0B       		.uleb128 0xb
 1423 006e 3B       		.uleb128 0x3b
 1424 006f 0B       		.uleb128 0xb
 1425 0070 01       		.uleb128 0x1
 1426 0071 13       		.uleb128 0x13
 1427 0072 00       		.byte	0
ARM GAS  C:\Users\abhim\AppData\Local\Temp\ccZJVTEe.s 			page 30


 1428 0073 00       		.byte	0
 1429 0074 0B       		.uleb128 0xb
 1430 0075 0D       		.uleb128 0xd
 1431 0076 00       		.byte	0
 1432 0077 03       		.uleb128 0x3
 1433 0078 0E       		.uleb128 0xe
 1434 0079 3A       		.uleb128 0x3a
 1435 007a 0B       		.uleb128 0xb
 1436 007b 3B       		.uleb128 0x3b
 1437 007c 0B       		.uleb128 0xb
 1438 007d 49       		.uleb128 0x49
 1439 007e 13       		.uleb128 0x13
 1440 007f 38       		.uleb128 0x38
 1441 0080 0B       		.uleb128 0xb
 1442 0081 00       		.byte	0
 1443 0082 00       		.byte	0
 1444 0083 0C       		.uleb128 0xc
 1445 0084 0D       		.uleb128 0xd
 1446 0085 00       		.byte	0
 1447 0086 03       		.uleb128 0x3
 1448 0087 08       		.uleb128 0x8
 1449 0088 3A       		.uleb128 0x3a
 1450 0089 0B       		.uleb128 0xb
 1451 008a 3B       		.uleb128 0x3b
 1452 008b 0B       		.uleb128 0xb
 1453 008c 49       		.uleb128 0x49
 1454 008d 13       		.uleb128 0x13
 1455 008e 38       		.uleb128 0x38
 1456 008f 0B       		.uleb128 0xb
 1457 0090 00       		.byte	0
 1458 0091 00       		.byte	0
 1459 0092 0D       		.uleb128 0xd
 1460 0093 01       		.uleb128 0x1
 1461 0094 01       		.byte	0x1
 1462 0095 49       		.uleb128 0x49
 1463 0096 13       		.uleb128 0x13
 1464 0097 01       		.uleb128 0x1
 1465 0098 13       		.uleb128 0x13
 1466 0099 00       		.byte	0
 1467 009a 00       		.byte	0
 1468 009b 0E       		.uleb128 0xe
 1469 009c 21       		.uleb128 0x21
 1470 009d 00       		.byte	0
 1471 009e 49       		.uleb128 0x49
 1472 009f 13       		.uleb128 0x13
 1473 00a0 2F       		.uleb128 0x2f
 1474 00a1 0B       		.uleb128 0xb
 1475 00a2 00       		.byte	0
 1476 00a3 00       		.byte	0
 1477 00a4 0F       		.uleb128 0xf
 1478 00a5 2E       		.uleb128 0x2e
 1479 00a6 01       		.byte	0x1
 1480 00a7 3F       		.uleb128 0x3f
 1481 00a8 19       		.uleb128 0x19
 1482 00a9 03       		.uleb128 0x3
 1483 00aa 0E       		.uleb128 0xe
 1484 00ab 3A       		.uleb128 0x3a
ARM GAS  C:\Users\abhim\AppData\Local\Temp\ccZJVTEe.s 			page 31


 1485 00ac 0B       		.uleb128 0xb
 1486 00ad 3B       		.uleb128 0x3b
 1487 00ae 0B       		.uleb128 0xb
 1488 00af 27       		.uleb128 0x27
 1489 00b0 19       		.uleb128 0x19
 1490 00b1 49       		.uleb128 0x49
 1491 00b2 13       		.uleb128 0x13
 1492 00b3 11       		.uleb128 0x11
 1493 00b4 01       		.uleb128 0x1
 1494 00b5 12       		.uleb128 0x12
 1495 00b6 06       		.uleb128 0x6
 1496 00b7 40       		.uleb128 0x40
 1497 00b8 18       		.uleb128 0x18
 1498 00b9 9742     		.uleb128 0x2117
 1499 00bb 19       		.uleb128 0x19
 1500 00bc 01       		.uleb128 0x1
 1501 00bd 13       		.uleb128 0x13
 1502 00be 00       		.byte	0
 1503 00bf 00       		.byte	0
 1504 00c0 10       		.uleb128 0x10
 1505 00c1 34       		.uleb128 0x34
 1506 00c2 00       		.byte	0
 1507 00c3 03       		.uleb128 0x3
 1508 00c4 0E       		.uleb128 0xe
 1509 00c5 3A       		.uleb128 0x3a
 1510 00c6 0B       		.uleb128 0xb
 1511 00c7 3B       		.uleb128 0x3b
 1512 00c8 0B       		.uleb128 0xb
 1513 00c9 49       		.uleb128 0x49
 1514 00ca 13       		.uleb128 0x13
 1515 00cb 02       		.uleb128 0x2
 1516 00cc 18       		.uleb128 0x18
 1517 00cd 00       		.byte	0
 1518 00ce 00       		.byte	0
 1519 00cf 11       		.uleb128 0x11
 1520 00d0 898201   		.uleb128 0x4109
 1521 00d3 00       		.byte	0
 1522 00d4 11       		.uleb128 0x11
 1523 00d5 01       		.uleb128 0x1
 1524 00d6 31       		.uleb128 0x31
 1525 00d7 13       		.uleb128 0x13
 1526 00d8 00       		.byte	0
 1527 00d9 00       		.byte	0
 1528 00da 12       		.uleb128 0x12
 1529 00db 898201   		.uleb128 0x4109
 1530 00de 01       		.byte	0x1
 1531 00df 11       		.uleb128 0x11
 1532 00e0 01       		.uleb128 0x1
 1533 00e1 31       		.uleb128 0x31
 1534 00e2 13       		.uleb128 0x13
 1535 00e3 01       		.uleb128 0x1
 1536 00e4 13       		.uleb128 0x13
 1537 00e5 00       		.byte	0
 1538 00e6 00       		.byte	0
 1539 00e7 13       		.uleb128 0x13
 1540 00e8 8A8201   		.uleb128 0x410a
 1541 00eb 00       		.byte	0
ARM GAS  C:\Users\abhim\AppData\Local\Temp\ccZJVTEe.s 			page 32


 1542 00ec 02       		.uleb128 0x2
 1543 00ed 18       		.uleb128 0x18
 1544 00ee 9142     		.uleb128 0x2111
 1545 00f0 18       		.uleb128 0x18
 1546 00f1 00       		.byte	0
 1547 00f2 00       		.byte	0
 1548 00f3 14       		.uleb128 0x14
 1549 00f4 2E       		.uleb128 0x2e
 1550 00f5 01       		.byte	0x1
 1551 00f6 3F       		.uleb128 0x3f
 1552 00f7 19       		.uleb128 0x19
 1553 00f8 03       		.uleb128 0x3
 1554 00f9 0E       		.uleb128 0xe
 1555 00fa 3A       		.uleb128 0x3a
 1556 00fb 0B       		.uleb128 0xb
 1557 00fc 3B       		.uleb128 0x3b
 1558 00fd 0B       		.uleb128 0xb
 1559 00fe 27       		.uleb128 0x27
 1560 00ff 19       		.uleb128 0x19
 1561 0100 11       		.uleb128 0x11
 1562 0101 01       		.uleb128 0x1
 1563 0102 12       		.uleb128 0x12
 1564 0103 06       		.uleb128 0x6
 1565 0104 40       		.uleb128 0x40
 1566 0105 18       		.uleb128 0x18
 1567 0106 9742     		.uleb128 0x2117
 1568 0108 19       		.uleb128 0x19
 1569 0109 01       		.uleb128 0x1
 1570 010a 13       		.uleb128 0x13
 1571 010b 00       		.byte	0
 1572 010c 00       		.byte	0
 1573 010d 15       		.uleb128 0x15
 1574 010e 898201   		.uleb128 0x4109
 1575 0111 01       		.byte	0x1
 1576 0112 11       		.uleb128 0x11
 1577 0113 01       		.uleb128 0x1
 1578 0114 31       		.uleb128 0x31
 1579 0115 13       		.uleb128 0x13
 1580 0116 00       		.byte	0
 1581 0117 00       		.byte	0
 1582 0118 16       		.uleb128 0x16
 1583 0119 34       		.uleb128 0x34
 1584 011a 00       		.byte	0
 1585 011b 03       		.uleb128 0x3
 1586 011c 0E       		.uleb128 0xe
 1587 011d 3A       		.uleb128 0x3a
 1588 011e 0B       		.uleb128 0xb
 1589 011f 3B       		.uleb128 0x3b
 1590 0120 05       		.uleb128 0x5
 1591 0121 49       		.uleb128 0x49
 1592 0122 13       		.uleb128 0x13
 1593 0123 3F       		.uleb128 0x3f
 1594 0124 19       		.uleb128 0x19
 1595 0125 3C       		.uleb128 0x3c
 1596 0126 19       		.uleb128 0x19
 1597 0127 00       		.byte	0
 1598 0128 00       		.byte	0
ARM GAS  C:\Users\abhim\AppData\Local\Temp\ccZJVTEe.s 			page 33


 1599 0129 17       		.uleb128 0x17
 1600 012a 35       		.uleb128 0x35
 1601 012b 00       		.byte	0
 1602 012c 49       		.uleb128 0x49
 1603 012d 13       		.uleb128 0x13
 1604 012e 00       		.byte	0
 1605 012f 00       		.byte	0
 1606 0130 18       		.uleb128 0x18
 1607 0131 34       		.uleb128 0x34
 1608 0132 00       		.byte	0
 1609 0133 03       		.uleb128 0x3
 1610 0134 0E       		.uleb128 0xe
 1611 0135 3A       		.uleb128 0x3a
 1612 0136 0B       		.uleb128 0xb
 1613 0137 3B       		.uleb128 0x3b
 1614 0138 0B       		.uleb128 0xb
 1615 0139 49       		.uleb128 0x49
 1616 013a 13       		.uleb128 0x13
 1617 013b 3F       		.uleb128 0x3f
 1618 013c 19       		.uleb128 0x19
 1619 013d 02       		.uleb128 0x2
 1620 013e 18       		.uleb128 0x18
 1621 013f 00       		.byte	0
 1622 0140 00       		.byte	0
 1623 0141 19       		.uleb128 0x19
 1624 0142 2E       		.uleb128 0x2e
 1625 0143 00       		.byte	0
 1626 0144 3F       		.uleb128 0x3f
 1627 0145 19       		.uleb128 0x19
 1628 0146 3C       		.uleb128 0x3c
 1629 0147 19       		.uleb128 0x19
 1630 0148 6E       		.uleb128 0x6e
 1631 0149 0E       		.uleb128 0xe
 1632 014a 03       		.uleb128 0x3
 1633 014b 0E       		.uleb128 0xe
 1634 014c 3A       		.uleb128 0x3a
 1635 014d 0B       		.uleb128 0xb
 1636 014e 3B       		.uleb128 0x3b
 1637 014f 0B       		.uleb128 0xb
 1638 0150 00       		.byte	0
 1639 0151 00       		.byte	0
 1640 0152 00       		.byte	0
 1641              		.section	.debug_aranges,"",%progbits
 1642 0000 2C000000 		.4byte	0x2c
 1643 0004 0200     		.2byte	0x2
 1644 0006 00000000 		.4byte	.Ldebug_info0
 1645 000a 04       		.byte	0x4
 1646 000b 00       		.byte	0
 1647 000c 0000     		.2byte	0
 1648 000e 0000     		.2byte	0
 1649 0010 00000000 		.4byte	.LFB65
 1650 0014 EC000000 		.4byte	.LFE65-.LFB65
 1651 0018 00000000 		.4byte	.LFB66
 1652 001c 44000000 		.4byte	.LFE66-.LFB66
 1653 0020 00000000 		.4byte	.LFB67
 1654 0024 44000000 		.4byte	.LFE67-.LFB67
 1655 0028 00000000 		.4byte	0
ARM GAS  C:\Users\abhim\AppData\Local\Temp\ccZJVTEe.s 			page 34


 1656 002c 00000000 		.4byte	0
 1657              		.section	.debug_ranges,"",%progbits
 1658              	.Ldebug_ranges0:
 1659 0000 00000000 		.4byte	.LFB65
 1660 0004 EC000000 		.4byte	.LFE65
 1661 0008 00000000 		.4byte	.LFB66
 1662 000c 44000000 		.4byte	.LFE66
 1663 0010 00000000 		.4byte	.LFB67
 1664 0014 44000000 		.4byte	.LFE67
 1665 0018 00000000 		.4byte	0
 1666 001c 00000000 		.4byte	0
 1667              		.section	.debug_line,"",%progbits
 1668              	.Ldebug_line0:
 1669 0000 1A020000 		.section	.debug_str,"MS",%progbits,1
 1669      0200AE01 
 1669      00000201 
 1669      FB0E0D00 
 1669      01010101 
 1670              	.LASF54:
 1671 0000 55415254 		.ascii	"UART_LOG_Start\000"
 1671      5F4C4F47 
 1671      5F537461 
 1671      727400
 1672              	.LASF59:
 1673 000f 54696D69 		.ascii	"TimingAnalyzer_Stop\000"
 1673      6E67416E 
 1673      616C797A 
 1673      65725F53 
 1673      746F7000 
 1674              	.LASF32:
 1675 0023 54696D65 		.ascii	"TimerState_t\000"
 1675      72537461 
 1675      74655F74 
 1675      00
 1676              	.LASF35:
 1677 0030 73746174 		.ascii	"state\000"
 1677      6500
 1678              	.LASF26:
 1679 0036 50696E43 		.ascii	"PinControl_t\000"
 1679      6F6E7472 
 1679      6F6C5F74 
 1679      00
 1680              	.LASF2:
 1681 0043 73686F72 		.ascii	"short int\000"
 1681      7420696E 
 1681      7400
 1682              	.LASF45:
 1683 004d 6477745F 		.ascii	"dwt_analyzer\000"
 1683      616E616C 
 1683      797A6572 
 1683      00
 1684              	.LASF62:
 1685 005a 55415254 		.ascii	"UART_LOG_PutChar\000"
 1685      5F4C4F47 
 1685      5F507574 
 1685      43686172 
 1685      00
ARM GAS  C:\Users\abhim\AppData\Local\Temp\ccZJVTEe.s 			page 35


 1686              	.LASF19:
 1687 006b 73697A65 		.ascii	"sizetype\000"
 1687      74797065 
 1687      00
 1688              	.LASF23:
 1689 0074 4D4F4445 		.ascii	"MODE_SYSTICK_PIN\000"
 1689      5F535953 
 1689      5449434B 
 1689      5F50494E 
 1689      00
 1690              	.LASF47:
 1691 0085 73797374 		.ascii	"systick_analyzer\000"
 1691      69636B5F 
 1691      616E616C 
 1691      797A6572 
 1691      00
 1692              	.LASF44:
 1693 0096 54696D69 		.ascii	"TimingAnalyzer_t\000"
 1693      6E67416E 
 1693      616C797A 
 1693      65725F74 
 1693      00
 1694              	.LASF70:
 1695 00a7 6D61696E 		.ascii	"main\000"
 1695      00
 1696              	.LASF7:
 1697 00ac 5F5F7569 		.ascii	"__uint32_t\000"
 1697      6E743332 
 1697      5F7400
 1698              	.LASF34:
 1699 00b7 6D6F6465 		.ascii	"mode\000"
 1699      00
 1700              	.LASF50:
 1701 00bc 6973725F 		.ascii	"isr_Timer1ms_terminalCount\000"
 1701      54696D65 
 1701      72316D73 
 1701      5F746572 
 1701      6D696E61 
 1702              	.LASF51:
 1703 00d7 6973725F 		.ascii	"isr_Timer2ms_terminalCount\000"
 1703      54696D65 
 1703      72326D73 
 1703      5F746572 
 1703      6D696E61 
 1704              	.LASF12:
 1705 00f2 75696E74 		.ascii	"uint8_t\000"
 1705      385F7400 
 1706              	.LASF61:
 1707 00fa 54696D69 		.ascii	"TimingAnalyzer_PrintAll\000"
 1707      6E67416E 
 1707      616C797A 
 1707      65725F50 
 1707      72696E74 
 1708              	.LASF22:
 1709 0112 4D4F4445 		.ascii	"MODE_SYSTICK\000"
 1709      5F535953 
 1709      5449434B 
ARM GAS  C:\Users\abhim\AppData\Local\Temp\ccZJVTEe.s 			page 36


 1709      00
 1710              	.LASF15:
 1711 011f 666C6F61 		.ascii	"float\000"
 1711      7400
 1712              	.LASF9:
 1713 0125 6C6F6E67 		.ascii	"long long int\000"
 1713      206C6F6E 
 1713      6720696E 
 1713      7400
 1714              	.LASF20:
 1715 0133 4D4F4445 		.ascii	"MODE_DWT_COUNTER\000"
 1715      5F445754 
 1715      5F434F55 
 1715      4E544552 
 1715      00
 1716              	.LASF30:
 1717 0144 53544154 		.ascii	"STATE_PAUSE\000"
 1717      455F5041 
 1717      55534500 
 1718              	.LASF6:
 1719 0150 6C6F6E67 		.ascii	"long int\000"
 1719      20696E74 
 1719      00
 1720              	.LASF38:
 1721 0159 70696E43 		.ascii	"pinControl\000"
 1721      6F6E7472 
 1721      6F6C00
 1722              	.LASF21:
 1723 0164 4D4F4445 		.ascii	"MODE_DWT_COUNTER_PIN\000"
 1723      5F445754 
 1723      5F434F55 
 1723      4E544552 
 1723      5F50494E 
 1724              	.LASF4:
 1725 0179 5F5F7569 		.ascii	"__uint8_t\000"
 1725      6E74385F 
 1725      7400
 1726              	.LASF69:
 1727 0183 443A5C70 		.ascii	"D:\\psoc-workspace\\Lab Assignments\\Workspace01\\A"
 1727      736F632D 
 1727      776F726B 
 1727      73706163 
 1727      655C4C61 
 1728 01b2 73736967 		.ascii	"ssignment01Design.cydsn\000"
 1728      6E6D656E 
 1728      74303144 
 1728      65736967 
 1728      6E2E6379 
 1729              	.LASF66:
 1730 01ca 6973725F 		.ascii	"isr_Timer2ms_ClearPending\000"
 1730      54696D65 
 1730      72326D73 
 1730      5F436C65 
 1730      61725065 
 1731              	.LASF28:
 1732 01e4 53544154 		.ascii	"STATE_START\000"
 1732      455F5354 
ARM GAS  C:\Users\abhim\AppData\Local\Temp\ccZJVTEe.s 			page 37


 1732      41525400 
 1733              	.LASF33:
 1734 01f0 6E616D65 		.ascii	"name\000"
 1734      00
 1735              	.LASF18:
 1736 01f5 6C6F6E67 		.ascii	"long double\000"
 1736      20646F75 
 1736      626C6500 
 1737              	.LASF0:
 1738 0201 756E7369 		.ascii	"unsigned char\000"
 1738      676E6564 
 1738      20636861 
 1738      7200
 1739              	.LASF48:
 1740 020f 73797374 		.ascii	"systick_analyzerPin\000"
 1740      69636B5F 
 1740      616E616C 
 1740      797A6572 
 1740      50696E00 
 1741              	.LASF29:
 1742 0223 53544154 		.ascii	"STATE_STOP\000"
 1742      455F5354 
 1742      4F5000
 1743              	.LASF1:
 1744 022e 7369676E 		.ascii	"signed char\000"
 1744      65642063 
 1744      68617200 
 1745              	.LASF13:
 1746 023a 696E7433 		.ascii	"int32_t\000"
 1746      325F7400 
 1747              	.LASF10:
 1748 0242 6C6F6E67 		.ascii	"long long unsigned int\000"
 1748      206C6F6E 
 1748      6720756E 
 1748      7369676E 
 1748      65642069 
 1749              	.LASF31:
 1750 0259 53544154 		.ascii	"STATE_RESUME\000"
 1750      455F5245 
 1750      53554D45 
 1750      00
 1751              	.LASF14:
 1752 0266 75696E74 		.ascii	"uint32_t\000"
 1752      33325F74 
 1752      00
 1753              	.LASF55:
 1754 026f 54696D69 		.ascii	"TimingAnalyzer_Init\000"
 1754      6E67416E 
 1754      616C797A 
 1754      65725F49 
 1754      6E697400 
 1755              	.LASF11:
 1756 0283 756E7369 		.ascii	"unsigned int\000"
 1756      676E6564 
 1756      20696E74 
 1756      00
 1757              	.LASF53:
ARM GAS  C:\Users\abhim\AppData\Local\Temp\ccZJVTEe.s 			page 38


 1758 0290 74696D65 		.ascii	"time\000"
 1758      00
 1759              	.LASF3:
 1760 0295 73686F72 		.ascii	"short unsigned int\000"
 1760      7420756E 
 1760      7369676E 
 1760      65642069 
 1760      6E7400
 1761              	.LASF25:
 1762 02a8 54696D65 		.ascii	"TimerMode_t\000"
 1762      724D6F64 
 1762      655F7400 
 1763              	.LASF17:
 1764 02b4 63686172 		.ascii	"char\000"
 1764      00
 1765              	.LASF40:
 1766 02b9 746F7461 		.ascii	"totalTimeDWT\000"
 1766      6C54696D 
 1766      65445754 
 1766      00
 1767              	.LASF49:
 1768 02c6 6C65645F 		.ascii	"led_analyzer\000"
 1768      616E616C 
 1768      797A6572 
 1768      00
 1769              	.LASF43:
 1770 02d3 5F426F6F 		.ascii	"_Bool\000"
 1770      6C00
 1771              	.LASF39:
 1772 02d9 746F7461 		.ascii	"totalTime\000"
 1772      6C54696D 
 1772      6500
 1773              	.LASF56:
 1774 02e3 54696D69 		.ascii	"TimingAnalyzer_Create\000"
 1774      6E67416E 
 1774      616C797A 
 1774      65725F43 
 1774      72656174 
 1775              	.LASF24:
 1776 02f9 4D4F4445 		.ascii	"MODE_PIN_ONLY\000"
 1776      5F50494E 
 1776      5F4F4E4C 
 1776      5900
 1777              	.LASF68:
 1778 0307 6D61696E 		.ascii	"main.c\000"
 1778      2E6300
 1779              	.LASF37:
 1780 030e 656E6454 		.ascii	"endTime\000"
 1780      696D6500 
 1781              	.LASF8:
 1782 0316 6C6F6E67 		.ascii	"long unsigned int\000"
 1782      20756E73 
 1782      69676E65 
 1782      6420696E 
 1782      7400
 1783              	.LASF36:
 1784 0328 73746172 		.ascii	"startTime\000"
ARM GAS  C:\Users\abhim\AppData\Local\Temp\ccZJVTEe.s 			page 39


 1784      7454696D 
 1784      6500
 1785              	.LASF16:
 1786 0332 646F7562 		.ascii	"double\000"
 1786      6C6500
 1787              	.LASF60:
 1788 0339 54696D69 		.ascii	"TimingAnalyzer_PrintSingle\000"
 1788      6E67416E 
 1788      616C797A 
 1788      65725F50 
 1788      72696E74 
 1789              	.LASF27:
 1790 0354 53544154 		.ascii	"STATE_CONFIGURED\000"
 1790      455F434F 
 1790      4E464947 
 1790      55524544 
 1790      00
 1791              	.LASF41:
 1792 0365 6379636C 		.ascii	"cycleCount\000"
 1792      65436F75 
 1792      6E7400
 1793              	.LASF5:
 1794 0370 5F5F696E 		.ascii	"__int32_t\000"
 1794      7433325F 
 1794      7400
 1795              	.LASF64:
 1796 037a 6973725F 		.ascii	"isr_Timer1ms_ClearPending\000"
 1796      54696D65 
 1796      72316D73 
 1796      5F436C65 
 1796      61725065 
 1797              	.LASF63:
 1798 0394 54696D65 		.ascii	"Timer_1ms_ReadStatusRegister\000"
 1798      725F316D 
 1798      735F5265 
 1798      61645374 
 1798      61747573 
 1799              	.LASF57:
 1800 03b1 54696D69 		.ascii	"TimingAnalyzer_Start\000"
 1800      6E67416E 
 1800      616C797A 
 1800      65725F53 
 1800      74617274 
 1801              	.LASF52:
 1802 03c6 49544D5F 		.ascii	"ITM_RxBuffer\000"
 1802      52784275 
 1802      66666572 
 1802      00
 1803              	.LASF67:
 1804 03d3 474E5520 		.ascii	"GNU C11 5.4.1 20160609 (release) [ARM/embedded-5-br"
 1804      43313120 
 1804      352E342E 
 1804      31203230 
 1804      31363036 
 1805 0406 616E6368 		.ascii	"anch revision 237715] -mcpu=cortex-m3 -mthumb -g -O"
 1805      20726576 
 1805      6973696F 
ARM GAS  C:\Users\abhim\AppData\Local\Temp\ccZJVTEe.s 			page 40


 1805      6E203233 
 1805      37373135 
 1806 0439 67202D66 		.ascii	"g -ffunction-sections -ffat-lto-objects\000"
 1806      66756E63 
 1806      74696F6E 
 1806      2D736563 
 1806      74696F6E 
 1807              	.LASF58:
 1808 0461 43794465 		.ascii	"CyDelay\000"
 1808      6C617900 
 1809              	.LASF42:
 1810 0469 69735661 		.ascii	"isValid\000"
 1810      6C696400 
 1811              	.LASF65:
 1812 0471 54696D65 		.ascii	"Timer_2ms_ReadStatusRegister\000"
 1812      725F326D 
 1812      735F5265 
 1812      61645374 
 1812      61747573 
 1813              	.LASF46:
 1814 048e 6477745F 		.ascii	"dwt_analyzerPin\000"
 1814      616E616C 
 1814      797A6572 
 1814      50696E00 
 1815              		.ident	"GCC: (GNU Tools for ARM Embedded Processors) 5.4.1 20160609 (release) [ARM/embedded-5-bran
